Log file open, 07/29/20 14:58:18
LogInit: Display: Running engine for game: ToonTanks
LogPlatformFile: Not using cached read wrapper
LogTaskGraph: Started task graph with 5 named threads and 35 total threads with 3 sets of task threads.
LogStats: Stats thread started at 0.198720
LogD3D11RHI: Loaded GFSDK_Aftermath_Lib.x64.dll
LogICUInternationalization: ICU TimeZone Detection - Raw Offset: +1:00, Platform Override: ''
LogPluginManager: Mounting plugin Paper2D
LogPluginManager: Mounting plugin AISupport
LogPluginManager: Mounting plugin LightPropagationVolume
LogPluginManager: Mounting plugin CameraShakePreviewer
LogPluginManager: Mounting plugin ActorLayerUtilities
LogPluginManager: Mounting plugin AnimationSharing
LogPluginManager: Mounting plugin CLionSourceCodeAccess
LogPluginManager: Mounting plugin CodeLiteSourceCodeAccess
LogPluginManager: Mounting plugin GitSourceControl
LogPluginManager: Mounting plugin KDevelopSourceCodeAccess
LogPluginManager: Mounting plugin NullSourceCodeAccess
LogPluginManager: Mounting plugin PerforceSourceControl
LogPluginManager: Mounting plugin PlasticSourceControl
LogPluginManager: Mounting plugin RiderSourceCodeAccess
LogPluginManager: Mounting plugin SubversionSourceControl
LogPluginManager: Mounting plugin UObjectPlugin
LogPluginManager: Mounting plugin VisualStudioCodeSourceCodeAccess
LogPluginManager: Mounting plugin VisualStudioSourceCodeAccess
LogPluginManager: Mounting plugin XCodeSourceCodeAccess
LogPluginManager: Mounting plugin AssetManagerEditor
LogPluginManager: Mounting plugin CryptoKeys
LogPluginManager: Mounting plugin CurveEditorTools
LogPluginManager: Mounting plugin DataValidation
LogPluginManager: Mounting plugin EditorScriptingUtilities
LogPluginManager: Mounting plugin FacialAnimation
LogPluginManager: Mounting plugin GameplayTagsEditor
LogPluginManager: Mounting plugin GeometryMode
LogPluginManager: Mounting plugin MacGraphicsSwitching
LogPluginManager: Mounting plugin MaterialAnalyzer
LogPluginManager: Mounting plugin MobileLauncherProfileWizard
LogPluginManager: Mounting plugin PluginBrowser
LogPluginManager: Mounting plugin SpeedTreeImporter
LogPluginManager: Mounting plugin DatasmithContent
LogPluginManager: Mounting plugin VariantManagerContent
LogPluginManager: Mounting plugin AlembicImporter
LogPluginManager: Mounting plugin AutomationUtils
LogPluginManager: Mounting plugin BackChannel
LogPluginManager: Mounting plugin ChaosCloth
LogPluginManager: Mounting plugin ChaosClothEditor
LogPluginManager: Mounting plugin ChaosEditor
LogPluginManager: Mounting plugin ChaosNiagara
LogPluginManager: Mounting plugin ChaosSolverPlugin
LogPluginManager: Mounting plugin CharacterAI
LogPluginManager: Mounting plugin GeometryCache
LogPluginManager: Mounting plugin GeometryCollectionPlugin
LogPluginManager: Mounting plugin GeometryProcessing
LogPluginManager: Mounting plugin PlanarCut
LogPluginManager: Mounting plugin PlatformCrypto
LogPluginManager: Mounting plugin ProxyLODPlugin
LogPluginManager: Mounting plugin SkeletalReduction
LogPluginManager: Mounting plugin Niagara
LogPluginManager: Mounting plugin MagicLeap
LogPluginManager: Mounting plugin MagicLeapLightEstimation
LogPluginManager: Mounting plugin MagicLeapMedia
LogPluginManager: Mounting plugin MagicLeapPassableWorld
LogPluginManager: Mounting plugin MLSDK
LogPluginManager: Mounting plugin AndroidMedia
LogPluginManager: Mounting plugin AvfMedia
LogPluginManager: Mounting plugin ImgMedia
LogPluginManager: Mounting plugin MediaCompositing
LogPluginManager: Mounting plugin MediaPlayerEditor
LogPluginManager: Mounting plugin WebMMedia
LogPluginManager: Mounting plugin WmfMedia
LogPluginManager: Mounting plugin MeshPainting
LogPluginManager: Mounting plugin TcpMessaging
LogPluginManager: Mounting plugin UdpMessaging
LogPluginManager: Mounting plugin ActorSequence
LogPluginManager: Mounting plugin LevelSequenceEditor
LogPluginManager: Mounting plugin MatineeToLevelSequence
LogPluginManager: Mounting plugin MovieRenderPipeline
LogPluginManager: Mounting plugin TemplateSequence
LogPluginManager: Mounting plugin NetcodeUnitTest
LogPluginManager: Mounting plugin NUTUnrealEngine4
LogPluginManager: Mounting plugin OnlineSubsystemGooglePlay
LogPluginManager: Mounting plugin OnlineSubsystemIOS
LogPluginManager: Mounting plugin OnlineSubsystem
LogPluginManager: Mounting plugin OnlineSubsystemNull
LogPluginManager: Mounting plugin OnlineSubsystemUtils
LogPluginManager: Mounting plugin LauncherChunkInstaller
LogPluginManager: Mounting plugin AndroidDeviceProfileSelector
LogPluginManager: Mounting plugin AndroidMoviePlayer
LogPluginManager: Mounting plugin AndroidPermission
LogPluginManager: Mounting plugin AppleImageUtils
LogPluginManager: Mounting plugin AppleMoviePlayer
LogPluginManager: Mounting plugin ArchVisCharacter
LogPluginManager: Mounting plugin AssetTags
LogPluginManager: Mounting plugin AudioCapture
LogPluginManager: Mounting plugin CableComponent
LogPluginManager: Mounting plugin CustomMeshComponent
LogPluginManager: Mounting plugin EditableMesh
LogPluginManager: Mounting plugin ExampleDeviceProfileSelector
LogPluginManager: Mounting plugin GoogleCloudMessaging
LogPluginManager: Mounting plugin GooglePAD
LogPluginManager: Mounting plugin IOSDeviceProfileSelector
LogPluginManager: Mounting plugin LinuxDeviceProfileSelector
LogPluginManager: Mounting plugin LocationServicesBPLibrary
LogPluginManager: Mounting plugin MobilePatchingUtils
LogPluginManager: Mounting plugin OculusVR
LogPluginManager: Mounting plugin PhysXVehicles
LogPluginManager: Mounting plugin PostSplashScreen
LogPluginManager: Mounting plugin ProceduralMeshComponent
LogPluginManager: Mounting plugin RuntimePhysXCooking
LogPluginManager: Mounting plugin SignificanceManager
LogPluginManager: Mounting plugin SoundFields
LogPluginManager: Mounting plugin SteamVR
LogPluginManager: Mounting plugin Synthesis
LogPluginManager: Mounting plugin WebMMoviePlayer
LogPluginManager: Mounting plugin WindowsMoviePlayer
LogPluginManager: Mounting plugin ScreenshotTools
LogInit: Using libcurl 7.55.1-DEV
LogInit:  - built for x86_64-pc-win32
LogInit:  - supports SSL with OpenSSL/1.1.1
LogInit:  - supports HTTP deflate (compression) using libz 1.2.8
LogInit:  - other features:
LogInit:      CURL_VERSION_SSL
LogInit:      CURL_VERSION_LIBZ
LogInit:      CURL_VERSION_IPV6
LogInit:      CURL_VERSION_ASYNCHDNS
LogInit:      CURL_VERSION_LARGEFILE
LogInit:      CURL_VERSION_IDN
LogInit:  CurlRequestOptions (configurable via config and command line):
LogInit:  - bVerifyPeer = true  - Libcurl will verify peer certificate
LogInit:  - bUseHttpProxy = false  - Libcurl will NOT use HTTP proxy
LogInit:  - bDontReuseConnections = false  - Libcurl will reuse connections
LogInit:  - MaxHostConnections = 16  - Libcurl will limit the number of connections to a host
LogInit:  - LocalHostAddr = Default
LogInit:  - BufferSize = 65536
LogOnline: OSS: Creating online subsystem instance for: NULL
LogInit: WinSock: version 1.1 (2.2), MaxSocks=32767, MaxUdp=65467
LogOnline: OSS: TryLoadSubsystemAndSetDefault: Loaded subsystem for module [NULL]
LogInit: Build: ++UE4+Release-4.25-CL-13942748
LogInit: Engine Version: 4.25.3-13942748+++UE4+Release-4.25
LogInit: Compatible Engine Version: 4.25.0-13144385+++UE4+Release-4.25
LogInit: Net CL: 13144385
LogInit: OS: Windows 10 (Release 2004) (), CPU: Intel(R) Core(TM) i7-9750H CPU @ 2.60GHz, GPU: Intel(R) UHD Graphics 630
LogInit: Compiled (64-bit): Jul 25 2020 02:07:48
LogInit: Compiled with Visual C++: 19.24.28315.00
LogInit: Build Configuration: Development
LogInit: Branch Name: ++UE4+Release-4.25
LogInit: Command Line:  -EpicPortal -epicusername=69xxxbtw2dads69x -epicuserid=5576b625878346dc9bb2d110550f59c8 -epiclocale=en
LogInit: Base Directory: C:/Program Files/Epic Games/UE_4.25/Engine/Binaries/Win64/
LogInit: Allocator: TBB
LogInit: Installed Engine Build: 1
LogDevObjectVersion: Number of dev versions registered: 26
LogDevObjectVersion:   Dev-Blueprints (B0D832E4-1F89-4F0D-ACCF-7EB736FD4AA2): 10
LogDevObjectVersion:   Dev-Build (E1C64328-A22C-4D53-A36C-8E866417BD8C): 0
LogDevObjectVersion:   Dev-Core (375EC13C-06E4-48FB-B500-84F0262A717E): 4
LogDevObjectVersion:   Dev-Editor (E4B068ED-F494-42E9-A231-DA0B2E46BB41): 38
LogDevObjectVersion:   Dev-Framework (CFFC743F-43B0-4480-9391-14DF171D2073): 37
LogDevObjectVersion:   Dev-Mobile (B02B49B5-BB20-44E9-A304-32B752E40360): 2
LogDevObjectVersion:   Dev-Networking (A4E4105C-59A1-49B5-A7C5-40C4547EDFEE): 0
LogDevObjectVersion:   Dev-Online (39C831C9-5AE6-47DC-9A44-9C173E1C8E7C): 0
LogDevObjectVersion:   Dev-Physics (78F01B33-EBEA-4F98-B9B4-84EACCB95AA2): 4
LogDevObjectVersion:   Dev-Platform (6631380F-2D4D-43E0-8009-CF276956A95A): 0
LogDevObjectVersion:   Dev-Rendering (12F88B9F-8875-4AFC-A67C-D90C383ABD29): 43
LogDevObjectVersion:   Dev-Sequencer (7B5AE74C-D270-4C10-A958-57980B212A5A): 12
LogDevObjectVersion:   Dev-VR (D7296918-1DD6-4BDD-9DE2-64A83CC13884): 3
LogDevObjectVersion:   Dev-LoadTimes (C2A15278-BFE7-4AFE-6C17-90FF531DF755): 1
LogDevObjectVersion:   Private-Geometry (6EACA3D4-40EC-4CC1-B786-8BED09428FC5): 3
LogDevObjectVersion:   Dev-AnimPhys (29E575DD-E0A3-4627-9D10-D276232CDCEA): 17
LogDevObjectVersion:   Dev-Anim (AF43A65D-7FD3-4947-9873-3E8ED9C1BB05): 7
LogDevObjectVersion:   Dev-ReflectionCapture (6B266CEC-1EC7-4B8F-A30B-E4D90942FC07): 1
LogDevObjectVersion:   Dev-Automation (0DF73D61-A23F-47EA-B727-89E90C41499A): 1
LogDevObjectVersion:   FortniteMain (601D1886-AC64-4F84-AA16-D3DE0DEAC7D6): 31
LogDevObjectVersion:   Dev-Enterprise (9DFFBCD6-494F-0158-E221-12823C92A888): 10
LogDevObjectVersion:   Dev-Niagara (F2AED0AC-9AFE-416F-8664-AA7FFA26D6FC): 1
LogDevObjectVersion:   Dev-Destruction (174F1F0B-B4C6-45A5-B13F-2EE8D0FB917D): 10
LogDevObjectVersion:   Dev-Physics-Ext (35F94A83-E258-406C-A318-09F59610247C): 37
LogDevObjectVersion:   Dev-PhysicsMaterial-Chaos (B68FC16E-8B1B-42E2-B453-215C058844FE): 1
LogDevObjectVersion:   Dev-CineCamera (B2E18506-4273-CFC2-A54E-F4BB758BBA07): 1
LogInit: Presizing for max 25165824 objects, including 0 objects not considered by GC, pre-allocating 0 bytes for permanent pool.
LogConfig: Applying CVar settings from Section [/Script/Engine.StreamingSettings] File [C:/Projects/GitHub/Unreal/ToonTank/Saved/Config/Windows/Engine.ini]
LogConfig: Setting CVar [[s.MinBulkDataSizeForAsyncLoading:131072]]
LogConfig: Setting CVar [[s.AsyncLoadingThreadEnabled:0]]
LogConfig: Setting CVar [[s.EventDrivenLoaderEnabled:1]]
LogConfig: Setting CVar [[s.WarnIfTimeLimitExceeded:0]]
LogConfig: Setting CVar [[s.TimeLimitExceededMultiplier:1.5]]
LogConfig: Setting CVar [[s.TimeLimitExceededMinTime:0.005]]
LogConfig: Setting CVar [[s.UseBackgroundLevelStreaming:1]]
LogConfig: Setting CVar [[s.PriorityAsyncLoadingExtraTime:15.0]]
LogConfig: Setting CVar [[s.LevelStreamingActorsUpdateTimeLimit:5.0]]
LogConfig: Setting CVar [[s.PriorityLevelStreamingActorsUpdateExtraTime:5.0]]
LogConfig: Setting CVar [[s.LevelStreamingComponentsRegistrationGranularity:10]]
LogConfig: Setting CVar [[s.UnregisterComponentsTimeLimit:1.0]]
LogConfig: Setting CVar [[s.LevelStreamingComponentsUnregistrationGranularity:5]]
LogConfig: Setting CVar [[s.FlushStreamingOnExit:1]]
LogInit: Object subsystem initialized
LogConfig: Setting CVar [[con.DebugEarlyDefault:1]]
LogConfig: Setting CVar [[r.setres:1280x720]]
[2020.07.29-12.58.19:215][  0]LogConfig: Setting CVar [[r.VSync:0]]
[2020.07.29-12.58.19:215][  0]LogConfig: Setting CVar [[r.RHICmdBypass:0]]
[2020.07.29-12.58.19:215][  0]LogConfig: Applying CVar settings from Section [/Script/Engine.RendererSettings] File [C:/Projects/GitHub/Unreal/ToonTank/Saved/Config/Windows/Engine.ini]
[2020.07.29-12.58.19:216][  0]LogConfig: Setting CVar [[r.GPUCrashDebugging:0]]
[2020.07.29-12.58.19:216][  0]LogConfig: Setting CVar [[r.DefaultFeature.AutoExposure.ExtendDefaultLuminanceRange:1]]
[2020.07.29-12.58.19:216][  0]LogConfig: Setting CVar [[r.DefaultFeature.AutoExposure:0]]
[2020.07.29-12.58.19:216][  0]LogConfig: Applying CVar settings from Section [/Script/Engine.RendererOverrideSettings] File [C:/Projects/GitHub/Unreal/ToonTank/Saved/Config/Windows/Engine.ini]
[2020.07.29-12.58.19:216][  0]LogConfig: Applying CVar settings from Section [/Script/Engine.StreamingSettings] File [C:/Projects/GitHub/Unreal/ToonTank/Saved/Config/Windows/Engine.ini]
[2020.07.29-12.58.19:216][  0]LogConfig: Setting CVar [[s.MinBulkDataSizeForAsyncLoading:131072]]
[2020.07.29-12.58.19:216][  0]LogConfig: Setting CVar [[s.AsyncLoadingThreadEnabled:0]]
[2020.07.29-12.58.19:216][  0]LogConfig: Setting CVar [[s.EventDrivenLoaderEnabled:1]]
[2020.07.29-12.58.19:216][  0]LogConfig: Setting CVar [[s.WarnIfTimeLimitExceeded:0]]
[2020.07.29-12.58.19:216][  0]LogConfig: Setting CVar [[s.TimeLimitExceededMultiplier:1.5]]
[2020.07.29-12.58.19:216][  0]LogConfig: Setting CVar [[s.TimeLimitExceededMinTime:0.005]]
[2020.07.29-12.58.19:216][  0]LogConfig: Setting CVar [[s.UseBackgroundLevelStreaming:1]]
[2020.07.29-12.58.19:216][  0]LogConfig: Setting CVar [[s.PriorityAsyncLoadingExtraTime:15.0]]
[2020.07.29-12.58.19:216][  0]LogConfig: Setting CVar [[s.LevelStreamingActorsUpdateTimeLimit:5.0]]
[2020.07.29-12.58.19:216][  0]LogConfig: Setting CVar [[s.PriorityLevelStreamingActorsUpdateExtraTime:5.0]]
[2020.07.29-12.58.19:216][  0]LogConfig: Setting CVar [[s.LevelStreamingComponentsRegistrationGranularity:10]]
[2020.07.29-12.58.19:216][  0]LogConfig: Setting CVar [[s.UnregisterComponentsTimeLimit:1.0]]
[2020.07.29-12.58.19:216][  0]LogConfig: Setting CVar [[s.LevelStreamingComponentsUnregistrationGranularity:5]]
[2020.07.29-12.58.19:216][  0]LogConfig: Setting CVar [[s.FlushStreamingOnExit:1]]
[2020.07.29-12.58.19:216][  0]LogConfig: Applying CVar settings from Section [/Script/Engine.GarbageCollectionSettings] File [C:/Projects/GitHub/Unreal/ToonTank/Saved/Config/Windows/Engine.ini]
[2020.07.29-12.58.19:216][  0]LogConfig: Setting CVar [[gc.MaxObjectsNotConsideredByGC:1]]
[2020.07.29-12.58.19:216][  0]LogConfig: Setting CVar [[gc.SizeOfPermanentObjectPool:0]]
[2020.07.29-12.58.19:216][  0]LogConfig: Setting CVar [[gc.FlushStreamingOnGC:0]]
[2020.07.29-12.58.19:216][  0]LogConfig: Setting CVar [[gc.NumRetriesBeforeForcingGC:10]]
[2020.07.29-12.58.19:216][  0]LogConfig: Setting CVar [[gc.AllowParallelGC:1]]
[2020.07.29-12.58.19:216][  0]LogConfig: Setting CVar [[gc.TimeBetweenPurgingPendingKillObjects:61.1]]
[2020.07.29-12.58.19:216][  0]LogConfig: Setting CVar [[gc.MaxObjectsInEditor:25165824]]
[2020.07.29-12.58.19:216][  0]LogConfig: Setting CVar [[gc.IncrementalBeginDestroyEnabled:1]]
[2020.07.29-12.58.19:216][  0]LogConfig: Setting CVar [[gc.CreateGCClusters:1]]
[2020.07.29-12.58.19:216][  0]LogConfig: Setting CVar [[gc.MinGCClusterSize:5]]
[2020.07.29-12.58.19:216][  0]LogConfig: Setting CVar [[gc.ActorClusteringEnabled:0]]
[2020.07.29-12.58.19:216][  0]LogConfig: Setting CVar [[gc.BlueprintClusteringEnabled:0]]
[2020.07.29-12.58.19:216][  0]LogConfig: Setting CVar [[gc.UseDisregardForGCOnDedicatedServers:0]]
[2020.07.29-12.58.19:216][  0]LogConfig: Applying CVar settings from Section [/Script/Engine.NetworkSettings] File [C:/Projects/GitHub/Unreal/ToonTank/Saved/Config/Windows/Engine.ini]
[2020.07.29-12.58.19:216][  0]LogConfig: Applying CVar settings from Section [/Script/UnrealEd.CookerSettings] File [C:/Projects/GitHub/Unreal/ToonTank/Saved/Config/Windows/Engine.ini]
[2020.07.29-12.58.19:224][  0]LogConfig: Applying CVar settings from Section [ViewDistanceQuality@3] File [C:/Projects/GitHub/Unreal/ToonTank/Saved/Config/Windows/Scalability.ini]
[2020.07.29-12.58.19:224][  0]LogConfig: Setting CVar [[r.SkeletalMeshLODBias:0]]
[2020.07.29-12.58.19:224][  0]LogConfig: Setting CVar [[r.ViewDistanceScale:1.0]]
[2020.07.29-12.58.19:224][  0]LogConfig: Applying CVar settings from Section [AntiAliasingQuality@3] File [C:/Projects/GitHub/Unreal/ToonTank/Saved/Config/Windows/Scalability.ini]
[2020.07.29-12.58.19:224][  0]LogConfig: Setting CVar [[r.PostProcessAAQuality:4]]
[2020.07.29-12.58.19:224][  0]LogConfig: Applying CVar settings from Section [ShadowQuality@3] File [C:/Projects/GitHub/Unreal/ToonTank/Saved/Config/Windows/Scalability.ini]
[2020.07.29-12.58.19:224][  0]LogConfig: Setting CVar [[r.LightFunctionQuality:1]]
[2020.07.29-12.58.19:224][  0]LogConfig: Setting CVar [[r.ShadowQuality:5]]
[2020.07.29-12.58.19:224][  0]LogConfig: Setting CVar [[r.Shadow.CSM.MaxCascades:10]]
[2020.07.29-12.58.19:224][  0]LogConfig: Setting CVar [[r.Shadow.MaxResolution:2048]]
[2020.07.29-12.58.19:224][  0]LogConfig: Setting CVar [[r.Shadow.MaxCSMResolution:2048]]
[2020.07.29-12.58.19:224][  0]LogConfig: Setting CVar [[r.Shadow.RadiusThreshold:0.01]]
[2020.07.29-12.58.19:224][  0]LogConfig: Setting CVar [[r.Shadow.DistanceScale:1.0]]
[2020.07.29-12.58.19:224][  0]LogConfig: Setting CVar [[r.Shadow.CSM.TransitionScale:1.0]]
[2020.07.29-12.58.19:224][  0]LogConfig: Setting CVar [[r.Shadow.PreShadowResolutionFactor:1.0]]
[2020.07.29-12.58.19:224][  0]LogConfig: Setting CVar [[r.DistanceFieldShadowing:1]]
[2020.07.29-12.58.19:224][  0]LogConfig: Setting CVar [[r.DistanceFieldAO:1]]
[2020.07.29-12.58.19:224][  0]LogConfig: Setting CVar [[r.AOQuality:2]]
[2020.07.29-12.58.19:224][  0]LogConfig: Setting CVar [[r.VolumetricFog:1]]
[2020.07.29-12.58.19:224][  0]LogConfig: Setting CVar [[r.VolumetricFog.GridPixelSize:8]]
[2020.07.29-12.58.19:224][  0]LogConfig: Setting CVar [[r.VolumetricFog.GridSizeZ:128]]
[2020.07.29-12.58.19:224][  0]LogConfig: Setting CVar [[r.VolumetricFog.HistoryMissSupersampleCount:4]]
[2020.07.29-12.58.19:224][  0]LogConfig: Setting CVar [[r.LightMaxDrawDistanceScale:1]]
[2020.07.29-12.58.19:224][  0]LogConfig: Setting CVar [[r.CapsuleShadows:1]]
[2020.07.29-12.58.19:224][  0]LogConfig: Applying CVar settings from Section [PostProcessQuality@3] File [C:/Projects/GitHub/Unreal/ToonTank/Saved/Config/Windows/Scalability.ini]
[2020.07.29-12.58.19:224][  0]LogConfig: Setting CVar [[r.MotionBlurQuality:4]]
[2020.07.29-12.58.19:224][  0]LogConfig: Setting CVar [[r.AmbientOcclusionMipLevelFactor:0.4]]
[2020.07.29-12.58.19:224][  0]LogConfig: Setting CVar [[r.AmbientOcclusionMaxQuality:100]]
[2020.07.29-12.58.19:224][  0]LogConfig: Setting CVar [[r.AmbientOcclusionLevels:-1]]
[2020.07.29-12.58.19:224][  0]LogConfig: Setting CVar [[r.AmbientOcclusionRadiusScale:1.0]]
[2020.07.29-12.58.19:224][  0]LogConfig: Setting CVar [[r.DepthOfFieldQuality:2]]
[2020.07.29-12.58.19:224][  0]LogConfig: Setting CVar [[r.RenderTargetPoolMin:400]]
[2020.07.29-12.58.19:224][  0]LogConfig: Setting CVar [[r.LensFlareQuality:2]]
[2020.07.29-12.58.19:224][  0]LogConfig: Setting CVar [[r.SceneColorFringeQuality:1]]
[2020.07.29-12.58.19:224][  0]LogConfig: Setting CVar [[r.EyeAdaptationQuality:2]]
[2020.07.29-12.58.19:224][  0]LogConfig: Setting CVar [[r.BloomQuality:5]]
[2020.07.29-12.58.19:224][  0]LogConfig: Setting CVar [[r.FastBlurThreshold:100]]
[2020.07.29-12.58.19:224][  0]LogConfig: Setting CVar [[r.Upscale.Quality:3]]
[2020.07.29-12.58.19:224][  0]LogConfig: Setting CVar [[r.Tonemapper.GrainQuantization:1]]
[2020.07.29-12.58.19:224][  0]LogConfig: Setting CVar [[r.LightShaftQuality:1]]
[2020.07.29-12.58.19:224][  0]LogConfig: Setting CVar [[r.Filter.SizeScale:1]]
[2020.07.29-12.58.19:224][  0]LogConfig: Setting CVar [[r.Tonemapper.Quality:5]]
[2020.07.29-12.58.19:224][  0]LogConfig: Setting CVar [[r.DOF.Gather.AccumulatorQuality:1        ; higher gathering accumulator quality]]
[2020.07.29-12.58.19:224][  0]LogConfig: Setting CVar [[r.DOF.Gather.PostfilterMethod:1          ; Median3x3 postfilering method]]
[2020.07.29-12.58.19:224][  0]LogConfig: Setting CVar [[r.DOF.Gather.EnableBokehSettings:0       ; no bokeh simulation when gathering]]
[2020.07.29-12.58.19:224][  0]LogConfig: Setting CVar [[r.DOF.Gather.RingCount:4                 ; medium number of samples when gathering]]
[2020.07.29-12.58.19:224][  0]LogConfig: Setting CVar [[r.DOF.Scatter.ForegroundCompositing:1    ; additive foreground scattering]]
[2020.07.29-12.58.19:224][  0]LogConfig: Setting CVar [[r.DOF.Scatter.BackgroundCompositing:2    ; additive background scattering]]
[2020.07.29-12.58.19:224][  0]LogConfig: Setting CVar [[r.DOF.Scatter.EnableBokehSettings:1      ; bokeh simulation when scattering]]
[2020.07.29-12.58.19:224][  0]LogConfig: Setting CVar [[r.DOF.Scatter.MaxSpriteRatio:0.1         ; only a maximum of 10% of scattered bokeh]]
[2020.07.29-12.58.19:224][  0]LogConfig: Setting CVar [[r.DOF.Recombine.Quality:1                ; cheap slight out of focus]]
[2020.07.29-12.58.19:224][  0]LogConfig: Setting CVar [[r.DOF.Recombine.EnableBokehSettings:0    ; no bokeh simulation on slight out of focus]]
[2020.07.29-12.58.19:224][  0]LogConfig: Setting CVar [[r.DOF.TemporalAAQuality:1                ; more stable temporal accumulation]]
[2020.07.29-12.58.19:224][  0]LogConfig: Setting CVar [[r.DOF.Kernel.MaxForegroundRadius:0.025]]
[2020.07.29-12.58.19:224][  0]LogConfig: Setting CVar [[r.DOF.Kernel.MaxBackgroundRadius:0.025]]
[2020.07.29-12.58.19:224][  0]LogConfig: Applying CVar settings from Section [TextureQuality@3] File [C:/Projects/GitHub/Unreal/ToonTank/Saved/Config/Windows/Scalability.ini]
[2020.07.29-12.58.19:224][  0]LogConfig: Setting CVar [[r.Streaming.MipBias:0]]
[2020.07.29-12.58.19:224][  0]LogConfig: Setting CVar [[r.Streaming.AmortizeCPUToGPUCopy:0]]
[2020.07.29-12.58.19:224][  0]LogConfig: Setting CVar [[r.Streaming.MaxNumTexturesToStreamPerFrame:0]]
[2020.07.29-12.58.19:224][  0]LogConfig: Setting CVar [[r.Streaming.Boost:1]]
[2020.07.29-12.58.19:224][  0]LogConfig: Setting CVar [[r.MaxAnisotropy:8]]
[2020.07.29-12.58.19:224][  0]LogConfig: Setting CVar [[r.VT.MaxAnisotropy:8]]
[2020.07.29-12.58.19:225][  0]LogConfig: Setting CVar [[r.Streaming.LimitPoolSizeToVRAM:0]]
[2020.07.29-12.58.19:225][  0]LogConfig: Setting CVar [[r.Streaming.PoolSize:1000]]
[2020.07.29-12.58.19:225][  0]LogConfig: Setting CVar [[r.Streaming.MaxEffectiveScreenSize:0]]
[2020.07.29-12.58.19:225][  0]LogConfig: Applying CVar settings from Section [EffectsQuality@3] File [C:/Projects/GitHub/Unreal/ToonTank/Saved/Config/Windows/Scalability.ini]
[2020.07.29-12.58.19:225][  0]LogConfig: Setting CVar [[r.TranslucencyLightingVolumeDim:64]]
[2020.07.29-12.58.19:225][  0]LogConfig: Setting CVar [[r.RefractionQuality:2]]
[2020.07.29-12.58.19:225][  0]LogConfig: Setting CVar [[r.SSR.Quality:3]]
[2020.07.29-12.58.19:225][  0]LogConfig: Setting CVar [[r.SSR.HalfResSceneColor:0]]
[2020.07.29-12.58.19:225][  0]LogConfig: Setting CVar [[r.SceneColorFormat:4]]
[2020.07.29-12.58.19:225][  0]LogConfig: Setting CVar [[r.DetailMode:2]]
[2020.07.29-12.58.19:225][  0]LogConfig: Setting CVar [[r.TranslucencyVolumeBlur:1]]
[2020.07.29-12.58.19:225][  0]LogConfig: Setting CVar [[r.MaterialQualityLevel:1 ; High quality]]
[2020.07.29-12.58.19:225][  0]LogConfig: Setting CVar [[r.SSS.Scale:1]]
[2020.07.29-12.58.19:225][  0]LogConfig: Setting CVar [[r.SSS.SampleSet:2]]
[2020.07.29-12.58.19:225][  0]LogConfig: Setting CVar [[r.SSS.Quality:1]]
[2020.07.29-12.58.19:225][  0]LogConfig: Setting CVar [[r.SSS.HalfRes:0]]
[2020.07.29-12.58.19:225][  0]LogConfig: Setting CVar [[r.SSGI.Quality:3]]
[2020.07.29-12.58.19:225][  0]LogConfig: Setting CVar [[r.EmitterSpawnRateScale:1.0]]
[2020.07.29-12.58.19:225][  0]LogConfig: Setting CVar [[r.ParticleLightQuality:2]]
[2020.07.29-12.58.19:225][  0]LogConfig: Setting CVar [[r.SkyAtmosphere.AerialPerspectiveLUT.FastApplyOnOpaque:1 ; Always have FastSkyLUT 1 in this case to avoid wrong sky]]
[2020.07.29-12.58.19:225][  0]LogConfig: Setting CVar [[r.SkyAtmosphere.AerialPerspectiveLUT.SampleCountPerSlice:1]]
[2020.07.29-12.58.19:225][  0]LogConfig: Setting CVar [[r.SkyAtmosphere.AerialPerspectiveLUT.DepthResolution:16.0]]
[2020.07.29-12.58.19:225][  0]LogConfig: Setting CVar [[r.SkyAtmosphere.FastSkyLUT:1]]
[2020.07.29-12.58.19:225][  0]LogConfig: Setting CVar [[r.SkyAtmosphere.FastSkyLUT.SampleCountMin:4.0]]
[2020.07.29-12.58.19:225][  0]LogConfig: Setting CVar [[r.SkyAtmosphere.FastSkyLUT.SampleCountMax:32.0]]
[2020.07.29-12.58.19:225][  0]LogConfig: Setting CVar [[r.SkyAtmosphere.SampleCountMin:4.0]]
[2020.07.29-12.58.19:225][  0]LogConfig: Setting CVar [[r.SkyAtmosphere.SampleCountMax:32.0]]
[2020.07.29-12.58.19:225][  0]LogConfig: Setting CVar [[r.SkyAtmosphere.TransmittanceLUT.UseSmallFormat:0]]
[2020.07.29-12.58.19:225][  0]LogConfig: Setting CVar [[r.SkyAtmosphere.TransmittanceLUT.SampleCount:10.0]]
[2020.07.29-12.58.19:225][  0]LogConfig: Setting CVar [[r.SkyAtmosphere.MultiScatteringLUT.SampleCount:15.0]]
[2020.07.29-12.58.19:225][  0]LogConfig: Applying CVar settings from Section [FoliageQuality@3] File [C:/Projects/GitHub/Unreal/ToonTank/Saved/Config/Windows/Scalability.ini]
[2020.07.29-12.58.19:225][  0]LogConfig: Setting CVar [[foliage.DensityScale:1.0]]
[2020.07.29-12.58.19:225][  0]LogConfig: Setting CVar [[grass.DensityScale:1.0]]
[2020.07.29-12.58.19:225][  0]LogConfig: Applying CVar settings from Section [ShadingQuality@3] File [C:/Projects/GitHub/Unreal/ToonTank/Saved/Config/Windows/Scalability.ini]
[2020.07.29-12.58.19:225][  0]LogConfig: Setting CVar [[r.HairStrands.SkyLighting.SampleCount:16]]
[2020.07.29-12.58.19:225][  0]LogConfig: Setting CVar [[r.HairStrands.SkyLighting.JitterIntegration:0]]
[2020.07.29-12.58.19:225][  0]LogConfig: Setting CVar [[r.HairStrands.SkyAO.SampleCount:16]]
[2020.07.29-12.58.19:225][  0]LogConfig: Setting CVar [[r.HairStrands.DeepShadow.SuperSampling:0]]
[2020.07.29-12.58.19:225][  0]LogConfig: Setting CVar [[r.HairStrands.VisibilityPPLL:0]]
[2020.07.29-12.58.19:225][  0]LogConfig: Setting CVar [[r.HairStrands.RasterizationScale:0.5]]
[2020.07.29-12.58.19:225][  0]LogConfig: Setting CVar [[r.HairStrands.VelocityRasterizationScale:1]]
[2020.07.29-12.58.19:225][  0]LogInit: Selected Device Profile: [Windows]
[2020.07.29-12.58.19:225][  0]LogInit: Applying CVar settings loaded from the selected device profile: [Windows]
[2020.07.29-12.58.19:225][  0]LogHAL: Display: Platform has ~ 16 GB [16893956096 / 17179869184 / 16], which maps to Larger [LargestMinGB=32, LargerMinGB=12, DefaultMinGB=8, SmallerMinGB=6, SmallestMinGB=0)
[2020.07.29-12.58.19:225][  0]LogInit: Going up to parent DeviceProfile []
[2020.07.29-12.58.19:225][  0]LogConfig: Applying CVar settings from Section [ViewDistanceQuality@3] File [C:/Projects/GitHub/Unreal/ToonTank/Saved/Config/Windows/Scalability.ini]
[2020.07.29-12.58.19:225][  0]LogConfig: Setting CVar [[r.SkeletalMeshLODBias:0]]
[2020.07.29-12.58.19:225][  0]LogConfig: Setting CVar [[r.ViewDistanceScale:1.0]]
[2020.07.29-12.58.19:225][  0]LogConfig: Applying CVar settings from Section [AntiAliasingQuality@3] File [C:/Projects/GitHub/Unreal/ToonTank/Saved/Config/Windows/Scalability.ini]
[2020.07.29-12.58.19:225][  0]LogConfig: Setting CVar [[r.PostProcessAAQuality:4]]
[2020.07.29-12.58.19:225][  0]LogConfig: Applying CVar settings from Section [ShadowQuality@3] File [C:/Projects/GitHub/Unreal/ToonTank/Saved/Config/Windows/Scalability.ini]
[2020.07.29-12.58.19:225][  0]LogConfig: Setting CVar [[r.LightFunctionQuality:1]]
[2020.07.29-12.58.19:225][  0]LogConfig: Setting CVar [[r.ShadowQuality:5]]
[2020.07.29-12.58.19:225][  0]LogConfig: Setting CVar [[r.Shadow.CSM.MaxCascades:10]]
[2020.07.29-12.58.19:225][  0]LogConfig: Setting CVar [[r.Shadow.MaxResolution:2048]]
[2020.07.29-12.58.19:225][  0]LogConfig: Setting CVar [[r.Shadow.MaxCSMResolution:2048]]
[2020.07.29-12.58.19:225][  0]LogConfig: Setting CVar [[r.Shadow.RadiusThreshold:0.01]]
[2020.07.29-12.58.19:225][  0]LogConfig: Setting CVar [[r.Shadow.DistanceScale:1.0]]
[2020.07.29-12.58.19:225][  0]LogConfig: Setting CVar [[r.Shadow.CSM.TransitionScale:1.0]]
[2020.07.29-12.58.19:225][  0]LogConfig: Setting CVar [[r.Shadow.PreShadowResolutionFactor:1.0]]
[2020.07.29-12.58.19:226][  0]LogConfig: Setting CVar [[r.DistanceFieldShadowing:1]]
[2020.07.29-12.58.19:226][  0]LogConfig: Setting CVar [[r.DistanceFieldAO:1]]
[2020.07.29-12.58.19:226][  0]LogConfig: Setting CVar [[r.AOQuality:2]]
[2020.07.29-12.58.19:226][  0]LogConfig: Setting CVar [[r.VolumetricFog:1]]
[2020.07.29-12.58.19:226][  0]LogConfig: Setting CVar [[r.VolumetricFog.GridPixelSize:8]]
[2020.07.29-12.58.19:226][  0]LogConfig: Setting CVar [[r.VolumetricFog.GridSizeZ:128]]
[2020.07.29-12.58.19:226][  0]LogConfig: Setting CVar [[r.VolumetricFog.HistoryMissSupersampleCount:4]]
[2020.07.29-12.58.19:226][  0]LogConfig: Setting CVar [[r.LightMaxDrawDistanceScale:1]]
[2020.07.29-12.58.19:226][  0]LogConfig: Setting CVar [[r.CapsuleShadows:1]]
[2020.07.29-12.58.19:226][  0]LogConfig: Applying CVar settings from Section [PostProcessQuality@3] File [C:/Projects/GitHub/Unreal/ToonTank/Saved/Config/Windows/Scalability.ini]
[2020.07.29-12.58.19:226][  0]LogConfig: Setting CVar [[r.MotionBlurQuality:4]]
[2020.07.29-12.58.19:226][  0]LogConfig: Setting CVar [[r.AmbientOcclusionMipLevelFactor:0.4]]
[2020.07.29-12.58.19:226][  0]LogConfig: Setting CVar [[r.AmbientOcclusionMaxQuality:100]]
[2020.07.29-12.58.19:226][  0]LogConfig: Setting CVar [[r.AmbientOcclusionLevels:-1]]
[2020.07.29-12.58.19:226][  0]LogConfig: Setting CVar [[r.AmbientOcclusionRadiusScale:1.0]]
[2020.07.29-12.58.19:226][  0]LogConfig: Setting CVar [[r.DepthOfFieldQuality:2]]
[2020.07.29-12.58.19:226][  0]LogConfig: Setting CVar [[r.RenderTargetPoolMin:400]]
[2020.07.29-12.58.19:226][  0]LogConfig: Setting CVar [[r.LensFlareQuality:2]]
[2020.07.29-12.58.19:226][  0]LogConfig: Setting CVar [[r.SceneColorFringeQuality:1]]
[2020.07.29-12.58.19:226][  0]LogConfig: Setting CVar [[r.EyeAdaptationQuality:2]]
[2020.07.29-12.58.19:226][  0]LogConfig: Setting CVar [[r.BloomQuality:5]]
[2020.07.29-12.58.19:226][  0]LogConfig: Setting CVar [[r.FastBlurThreshold:100]]
[2020.07.29-12.58.19:226][  0]LogConfig: Setting CVar [[r.Upscale.Quality:3]]
[2020.07.29-12.58.19:226][  0]LogConfig: Setting CVar [[r.Tonemapper.GrainQuantization:1]]
[2020.07.29-12.58.19:226][  0]LogConfig: Setting CVar [[r.LightShaftQuality:1]]
[2020.07.29-12.58.19:226][  0]LogConfig: Setting CVar [[r.Filter.SizeScale:1]]
[2020.07.29-12.58.19:226][  0]LogConfig: Setting CVar [[r.Tonemapper.Quality:5]]
[2020.07.29-12.58.19:226][  0]LogConfig: Setting CVar [[r.DOF.Gather.AccumulatorQuality:1        ; higher gathering accumulator quality]]
[2020.07.29-12.58.19:226][  0]LogConfig: Setting CVar [[r.DOF.Gather.PostfilterMethod:1          ; Median3x3 postfilering method]]
[2020.07.29-12.58.19:226][  0]LogConfig: Setting CVar [[r.DOF.Gather.EnableBokehSettings:0       ; no bokeh simulation when gathering]]
[2020.07.29-12.58.19:226][  0]LogConfig: Setting CVar [[r.DOF.Gather.RingCount:4                 ; medium number of samples when gathering]]
[2020.07.29-12.58.19:226][  0]LogConfig: Setting CVar [[r.DOF.Scatter.ForegroundCompositing:1    ; additive foreground scattering]]
[2020.07.29-12.58.19:226][  0]LogConfig: Setting CVar [[r.DOF.Scatter.BackgroundCompositing:2    ; additive background scattering]]
[2020.07.29-12.58.19:226][  0]LogConfig: Setting CVar [[r.DOF.Scatter.EnableBokehSettings:1      ; bokeh simulation when scattering]]
[2020.07.29-12.58.19:226][  0]LogConfig: Setting CVar [[r.DOF.Scatter.MaxSpriteRatio:0.1         ; only a maximum of 10% of scattered bokeh]]
[2020.07.29-12.58.19:226][  0]LogConfig: Setting CVar [[r.DOF.Recombine.Quality:1                ; cheap slight out of focus]]
[2020.07.29-12.58.19:226][  0]LogConfig: Setting CVar [[r.DOF.Recombine.EnableBokehSettings:0    ; no bokeh simulation on slight out of focus]]
[2020.07.29-12.58.19:226][  0]LogConfig: Setting CVar [[r.DOF.TemporalAAQuality:1                ; more stable temporal accumulation]]
[2020.07.29-12.58.19:226][  0]LogConfig: Setting CVar [[r.DOF.Kernel.MaxForegroundRadius:0.025]]
[2020.07.29-12.58.19:226][  0]LogConfig: Setting CVar [[r.DOF.Kernel.MaxBackgroundRadius:0.025]]
[2020.07.29-12.58.19:226][  0]LogConfig: Applying CVar settings from Section [TextureQuality@3] File [C:/Projects/GitHub/Unreal/ToonTank/Saved/Config/Windows/Scalability.ini]
[2020.07.29-12.58.19:226][  0]LogConfig: Setting CVar [[r.Streaming.MipBias:0]]
[2020.07.29-12.58.19:226][  0]LogConfig: Setting CVar [[r.Streaming.AmortizeCPUToGPUCopy:0]]
[2020.07.29-12.58.19:226][  0]LogConfig: Setting CVar [[r.Streaming.MaxNumTexturesToStreamPerFrame:0]]
[2020.07.29-12.58.19:226][  0]LogConfig: Setting CVar [[r.Streaming.Boost:1]]
[2020.07.29-12.58.19:226][  0]LogConfig: Setting CVar [[r.MaxAnisotropy:8]]
[2020.07.29-12.58.19:226][  0]LogConfig: Setting CVar [[r.VT.MaxAnisotropy:8]]
[2020.07.29-12.58.19:226][  0]LogConfig: Setting CVar [[r.Streaming.LimitPoolSizeToVRAM:0]]
[2020.07.29-12.58.19:226][  0]LogConfig: Setting CVar [[r.Streaming.PoolSize:1000]]
[2020.07.29-12.58.19:226][  0]LogConfig: Setting CVar [[r.Streaming.MaxEffectiveScreenSize:0]]
[2020.07.29-12.58.19:226][  0]LogConfig: Applying CVar settings from Section [EffectsQuality@3] File [C:/Projects/GitHub/Unreal/ToonTank/Saved/Config/Windows/Scalability.ini]
[2020.07.29-12.58.19:226][  0]LogConfig: Setting CVar [[r.TranslucencyLightingVolumeDim:64]]
[2020.07.29-12.58.19:226][  0]LogConfig: Setting CVar [[r.RefractionQuality:2]]
[2020.07.29-12.58.19:226][  0]LogConfig: Setting CVar [[r.SSR.Quality:3]]
[2020.07.29-12.58.19:226][  0]LogConfig: Setting CVar [[r.SSR.HalfResSceneColor:0]]
[2020.07.29-12.58.19:226][  0]LogConfig: Setting CVar [[r.SceneColorFormat:4]]
[2020.07.29-12.58.19:226][  0]LogConfig: Setting CVar [[r.DetailMode:2]]
[2020.07.29-12.58.19:226][  0]LogConfig: Setting CVar [[r.TranslucencyVolumeBlur:1]]
[2020.07.29-12.58.19:226][  0]LogConfig: Setting CVar [[r.MaterialQualityLevel:1 ; High quality]]
[2020.07.29-12.58.19:226][  0]LogConfig: Setting CVar [[r.SSS.Scale:1]]
[2020.07.29-12.58.19:226][  0]LogConfig: Setting CVar [[r.SSS.SampleSet:2]]
[2020.07.29-12.58.19:226][  0]LogConfig: Setting CVar [[r.SSS.Quality:1]]
[2020.07.29-12.58.19:226][  0]LogConfig: Setting CVar [[r.SSS.HalfRes:0]]
[2020.07.29-12.58.19:226][  0]LogConfig: Setting CVar [[r.SSGI.Quality:3]]
[2020.07.29-12.58.19:226][  0]LogConfig: Setting CVar [[r.EmitterSpawnRateScale:1.0]]
[2020.07.29-12.58.19:226][  0]LogConfig: Setting CVar [[r.ParticleLightQuality:2]]
[2020.07.29-12.58.19:226][  0]LogConfig: Setting CVar [[r.SkyAtmosphere.AerialPerspectiveLUT.FastApplyOnOpaque:1 ; Always have FastSkyLUT 1 in this case to avoid wrong sky]]
[2020.07.29-12.58.19:226][  0]LogConfig: Setting CVar [[r.SkyAtmosphere.AerialPerspectiveLUT.SampleCountPerSlice:1]]
[2020.07.29-12.58.19:226][  0]LogConfig: Setting CVar [[r.SkyAtmosphere.AerialPerspectiveLUT.DepthResolution:16.0]]
[2020.07.29-12.58.19:226][  0]LogConfig: Setting CVar [[r.SkyAtmosphere.FastSkyLUT:1]]
[2020.07.29-12.58.19:226][  0]LogConfig: Setting CVar [[r.SkyAtmosphere.FastSkyLUT.SampleCountMin:4.0]]
[2020.07.29-12.58.19:226][  0]LogConfig: Setting CVar [[r.SkyAtmosphere.FastSkyLUT.SampleCountMax:32.0]]
[2020.07.29-12.58.19:226][  0]LogConfig: Setting CVar [[r.SkyAtmosphere.SampleCountMin:4.0]]
[2020.07.29-12.58.19:226][  0]LogConfig: Setting CVar [[r.SkyAtmosphere.SampleCountMax:32.0]]
[2020.07.29-12.58.19:226][  0]LogConfig: Setting CVar [[r.SkyAtmosphere.TransmittanceLUT.UseSmallFormat:0]]
[2020.07.29-12.58.19:226][  0]LogConfig: Setting CVar [[r.SkyAtmosphere.TransmittanceLUT.SampleCount:10.0]]
[2020.07.29-12.58.19:226][  0]LogConfig: Setting CVar [[r.SkyAtmosphere.MultiScatteringLUT.SampleCount:15.0]]
[2020.07.29-12.58.19:226][  0]LogConfig: Applying CVar settings from Section [FoliageQuality@3] File [C:/Projects/GitHub/Unreal/ToonTank/Saved/Config/Windows/Scalability.ini]
[2020.07.29-12.58.19:226][  0]LogConfig: Setting CVar [[foliage.DensityScale:1.0]]
[2020.07.29-12.58.19:226][  0]LogConfig: Setting CVar [[grass.DensityScale:1.0]]
[2020.07.29-12.58.19:226][  0]LogConfig: Applying CVar settings from Section [ShadingQuality@3] File [C:/Projects/GitHub/Unreal/ToonTank/Saved/Config/Windows/Scalability.ini]
[2020.07.29-12.58.19:226][  0]LogConfig: Setting CVar [[r.HairStrands.SkyLighting.SampleCount:16]]
[2020.07.29-12.58.19:226][  0]LogConfig: Setting CVar [[r.HairStrands.SkyLighting.JitterIntegration:0]]
[2020.07.29-12.58.19:226][  0]LogConfig: Setting CVar [[r.HairStrands.SkyAO.SampleCount:16]]
[2020.07.29-12.58.19:227][  0]LogConfig: Setting CVar [[r.HairStrands.DeepShadow.SuperSampling:0]]
[2020.07.29-12.58.19:227][  0]LogConfig: Setting CVar [[r.HairStrands.VisibilityPPLL:0]]
[2020.07.29-12.58.19:227][  0]LogConfig: Setting CVar [[r.HairStrands.RasterizationScale:0.5]]
[2020.07.29-12.58.19:227][  0]LogConfig: Setting CVar [[r.HairStrands.VelocityRasterizationScale:1]]
[2020.07.29-12.58.19:227][  0]LogConfig: Applying CVar settings from Section [Startup] File [../../../Engine/Config/ConsoleVariables.ini]
[2020.07.29-12.58.19:227][  0]LogConfig: Setting CVar [[net.UseAdaptiveNetUpdateFrequency:0]]
[2020.07.29-12.58.19:227][  0]LogConfig: Setting CVar [[p.chaos.AllowCreatePhysxBodies:1]]
[2020.07.29-12.58.19:227][  0]LogConfig: Setting CVar [[fx.SkipVectorVMBackendOptimizations:1]]
[2020.07.29-12.58.19:227][  0]LogConfig: Applying CVar settings from Section [ConsoleVariables] File [C:/Projects/GitHub/Unreal/ToonTank/Saved/Config/Windows/Engine.ini]
[2020.07.29-12.58.19:227][  0]LogInit: Computer: DESKTOP-MQV1SJA
[2020.07.29-12.58.19:227][  0]LogInit: User: machi
[2020.07.29-12.58.19:227][  0]LogInit: CPU Page size=4096, Cores=6
[2020.07.29-12.58.19:227][  0]LogInit: High frequency timer resolution =10.000000 MHz
[2020.07.29-12.58.19:227][  0]LogMemory: Memory total: Physical=15.7GB (16GB approx)
[2020.07.29-12.58.19:227][  0]LogMemory: Platform Memory Stats for Windows
[2020.07.29-12.58.19:227][  0]LogMemory: Process Physical Memory: 116.00 MB used, 116.01 MB peak
[2020.07.29-12.58.19:227][  0]LogMemory: Process Virtual Memory: 97.23 MB used, 97.23 MB peak
[2020.07.29-12.58.19:227][  0]LogMemory: Physical Memory: 9468.76 MB used,  6642.57 MB free, 16111.33 MB total
[2020.07.29-12.58.19:227][  0]LogMemory: Virtual Memory: 5166.56 MB used,  134212560.00 MB free, 134217728.00 MB total
[2020.07.29-12.58.19:233][  0]LogWindows: WindowsPlatformFeatures enabled
[2020.07.29-12.58.19:267][  0]LogInit: Physics initialised using underlying interface: PhysX
[2020.07.29-12.58.19:268][  0]LogInit: Using OS detected language (sv-SE).
[2020.07.29-12.58.19:268][  0]LogInit: Using OS detected locale (sv-SE).
[2020.07.29-12.58.19:271][  0]LogTextLocalizationManager: No localization for 'sv-SE' exists, so 'en' will be used for the language.
[2020.07.29-12.58.19:465][  0]LogInit: Setting process to per monitor DPI aware
[2020.07.29-12.58.19:511][  0]LogSlate: New Slate User Created.  User Index 0, Is Virtual User: 0
[2020.07.29-12.58.19:511][  0]LogSlate: Slate User Registered.  User Index 0, Is Virtual User: 0
[2020.07.29-12.58.19:712][  0]LogHMD: Failed to initialize OpenVR with code 110
[2020.07.29-12.58.19:712][  0]LogD3D11RHI: D3D11 min allowed feature level: 11_0
[2020.07.29-12.58.19:712][  0]LogD3D11RHI: D3D11 max allowed feature level: 11_0
[2020.07.29-12.58.19:712][  0]LogD3D11RHI: D3D11 adapters:
[2020.07.29-12.58.19:822][  0]LogD3D11RHI:    0. 'NVIDIA GeForce GTX 1650' (Feature Level 11_0)
[2020.07.29-12.58.19:822][  0]LogD3D11RHI:       3964/0/8055 MB DedicatedVideo/DedicatedSystem/SharedSystem, Outputs:1, VendorId:0x10de
[2020.07.29-12.58.19:845][  0]LogD3D11RHI:    1. 'Intel(R) UHD Graphics 630' (Feature Level 11_0)
[2020.07.29-12.58.19:845][  0]LogD3D11RHI:       128/0/8055 MB DedicatedVideo/DedicatedSystem/SharedSystem, Outputs:0, VendorId:0x8086
[2020.07.29-12.58.19:847][  0]LogD3D11RHI:    2. 'Microsoft Basic Render Driver' (Feature Level 11_0)
[2020.07.29-12.58.19:847][  0]LogD3D11RHI:       0/0/8055 MB DedicatedVideo/DedicatedSystem/SharedSystem, Outputs:0, VendorId:0x1414
[2020.07.29-12.58.19:847][  0]LogD3D11RHI: Chosen D3D11 Adapter: 0
[2020.07.29-12.58.19:892][  0]LogD3D11RHI: Creating new Direct3DDevice
[2020.07.29-12.58.19:892][  0]LogD3D11RHI:     GPU DeviceId: 0x1f91 (for the marketing name, search the web for "GPU Device Id")
[2020.07.29-12.58.19:892][  0]LogWindows: EnumDisplayDevices:
[2020.07.29-12.58.19:892][  0]LogWindows:    0. 'Intel(R) UHD Graphics 630' (P:1 D:1)
[2020.07.29-12.58.19:893][  0]LogWindows:    1. 'Intel(R) UHD Graphics 630' (P:0 D:0)
[2020.07.29-12.58.19:893][  0]LogWindows:    2. 'Intel(R) UHD Graphics 630' (P:0 D:0)
[2020.07.29-12.58.19:893][  0]LogWindows: DebugString: PrimaryIsNotTheChoosenAdapter PrimaryIsNotTheChoosenAdapter PrimaryIsNotTheChoosenAdapter FoundDriverCount:0 
[2020.07.29-12.58.19:893][  0]LogD3D11RHI:     Adapter Name: NVIDIA GeForce GTX 1650
[2020.07.29-12.58.19:893][  0]LogD3D11RHI:   Driver Version: Unknown (internal:Unknown, unified:Unknown)
[2020.07.29-12.58.19:893][  0]LogD3D11RHI:      Driver Date: Unknown
[2020.07.29-12.58.19:893][  0]LogRHI: Texture pool is 2774 MB (70% of 3964 MB)
[2020.07.29-12.58.19:957][  0]LogD3D11RHI: RHI has support for 64 bit atomics
[2020.07.29-12.58.19:960][  0]LogD3D11RHI: [Aftermath] Enabled and primed
[2020.07.29-12.58.19:960][  0]LogD3D11RHI: Async texture creation enabled
[2020.07.29-12.58.19:960][  0]LogD3D11RHI: Array index from any shader is supported
[2020.07.29-12.58.19:978][  0]LogD3D11RHI: GPU Timing Frequency: 1000.000000 (Debug: 2 1)
[2020.07.29-12.58.20:305][  0]LogTargetPlatformManager: Display: Loaded TargetPlatform 'AllDesktop'
[2020.07.29-12.58.20:333][  0]LogTargetPlatformManager: Display: Loaded TargetPlatform 'Android'
[2020.07.29-12.58.20:333][  0]LogTargetPlatformManager: Display: Loaded TargetPlatform 'Android_ASTC'
[2020.07.29-12.58.20:333][  0]LogTargetPlatformManager: Display: Loaded TargetPlatform 'Android_DXT'
[2020.07.29-12.58.20:333][  0]LogTargetPlatformManager: Display: Loaded TargetPlatform 'Android_ETC2'
[2020.07.29-12.58.20:333][  0]LogTargetPlatformManager: Display: Loaded TargetPlatform 'AndroidClient'
[2020.07.29-12.58.20:333][  0]LogTargetPlatformManager: Display: Loaded TargetPlatform 'Android_ASTCClient'
[2020.07.29-12.58.20:333][  0]LogTargetPlatformManager: Display: Loaded TargetPlatform 'Android_DXTClient'
[2020.07.29-12.58.20:333][  0]LogTargetPlatformManager: Display: Loaded TargetPlatform 'Android_ETC2Client'
[2020.07.29-12.58.20:333][  0]LogTargetPlatformManager: Display: Loaded TargetPlatform 'Android_Multi'
[2020.07.29-12.58.20:333][  0]LogTargetPlatformManager: Display: Loaded TargetPlatform 'Android_MultiClient'
[2020.07.29-12.58.20:358][  0]LogTargetPlatformManager: Display: Loaded TargetPlatform 'IOSClient'
[2020.07.29-12.58.20:359][  0]LogTargetPlatformManager: Display: Loaded TargetPlatform 'IOS'
[2020.07.29-12.58.20:368][  0]LogTargetPlatformManager: Display: Loaded TargetPlatform 'Linux'
[2020.07.29-12.58.20:379][  0]LogTargetPlatformManager: Display: Loaded TargetPlatform 'LinuxNoEditor'
[2020.07.29-12.58.20:389][  0]LogTargetPlatformManager: Display: Loaded TargetPlatform 'LinuxClient'
[2020.07.29-12.58.20:399][  0]LogTargetPlatformManager: Display: Loaded TargetPlatform 'LinuxServer'
[2020.07.29-12.58.20:410][  0]LogTargetPlatformManager: Display: Loaded TargetPlatform 'LinuxAArch64NoEditor'
[2020.07.29-12.58.20:419][  0]LogTargetPlatformManager: Display: Loaded TargetPlatform 'LinuxAArch64Client'
[2020.07.29-12.58.20:428][  0]LogTargetPlatformManager: Display: Loaded TargetPlatform 'LinuxAArch64Server'
[2020.07.29-12.58.20:456][  0]LogTargetPlatformManager: Display: Loaded TargetPlatform 'Lumin'
[2020.07.29-12.58.20:456][  0]LogTargetPlatformManager: Display: Loaded TargetPlatform 'LuminClient'
[2020.07.29-12.58.20:472][  0]LogTargetPlatformManager: Display: Loaded TargetPlatform 'TVOSClient'
[2020.07.29-12.58.20:472][  0]LogTargetPlatformManager: Display: Loaded TargetPlatform 'TVOS'
[2020.07.29-12.58.20:481][  0]LogTargetPlatformManager: Display: Loaded TargetPlatform 'WindowsNoEditor'
[2020.07.29-12.58.20:490][  0]LogTargetPlatformManager: Display: Loaded TargetPlatform 'Windows'
[2020.07.29-12.58.20:499][  0]LogTargetPlatformManager: Display: Loaded TargetPlatform 'WindowsClient'
[2020.07.29-12.58.20:509][  0]LogTargetPlatformManager: Display: Loaded TargetPlatform 'WindowsServer'
[2020.07.29-12.58.20:509][  0]LogTargetPlatformManager: Display: Building Assets For Windows
[2020.07.29-12.58.20:516][  0]LogAudioDebug: Display: Lib vorbis DLL was dynamically loaded.
[2020.07.29-12.58.20:572][  0]LogShaderCompilers: Guid format shader working directory is -3 characters bigger than the processId version (../../../../../../Projects/GitHub/Unreal/ToonTank/Intermediate/Shaders/WorkingDirectory/2568/).
[2020.07.29-12.58.20:573][  0]LogShaderCompilers: Cleaned the shader compiler working directory 'C:/Users/machi/AppData/Local/Temp/UnrealShaderWorkingDir/840B46B44933F0F0DEDA2985634074A8/'.
[2020.07.29-12.58.20:573][  0]LogXGEController: Cannot use XGE Controller as Incredibuild is not installed on this machine.
[2020.07.29-12.58.20:573][  0]LogShaderCompilers: Cannot use XGE Shader Compiler as Incredibuild is not installed on this machine.
[2020.07.29-12.58.20:573][  0]LogShaderCompilers: Display: Using Local Shader Compiler.
[2020.07.29-12.58.21:332][  0]LogDerivedDataCache: Display: Max Cache Size: 512 MB
[2020.07.29-12.58.21:392][  0]LogDerivedDataCache: Loaded boot cache 0.06s 77MB C:/Users/machi/AppData/Local/UnrealEngine/4.25/DerivedDataCache/Boot.ddc.
[2020.07.29-12.58.21:392][  0]LogDerivedDataCache: Display: Loaded Boot cache: C:/Users/machi/AppData/Local/UnrealEngine/4.25/DerivedDataCache/Boot.ddc
[2020.07.29-12.58.21:392][  0]LogDerivedDataCache: FDerivedDataBackendGraph:  Pak pak cache file ../../../../../../Projects/GitHub/Unreal/ToonTank/DerivedDataCache/DDC.ddp not found, will not use a pak cache.
[2020.07.29-12.58.21:392][  0]LogDerivedDataCache: Unable to find inner node Pak for hierarchical cache Hierarchy.
[2020.07.29-12.58.21:392][  0]LogDerivedDataCache: FDerivedDataBackendGraph:  CompressedPak pak cache file ../../../../../../Projects/GitHub/Unreal/ToonTank/DerivedDataCache/Compressed.ddp not found, will not use a pak cache.
[2020.07.29-12.58.21:392][  0]LogDerivedDataCache: Unable to find inner node CompressedPak for hierarchical cache Hierarchy.
[2020.07.29-12.58.21:402][  0]LogDerivedDataCache: Display: Pak cache opened for reading ../../../Engine/DerivedDataCache/Compressed.ddp.
[2020.07.29-12.58.21:402][  0]LogDerivedDataCache: FDerivedDataBackendGraph:  EnterprisePak pak cache file ../../../Enterprise/DerivedDataCache/Compressed.ddp not found, will not use a pak cache.
[2020.07.29-12.58.21:402][  0]LogDerivedDataCache: Unable to find inner node EnterprisePak for hierarchical cache Hierarchy.
[2020.07.29-12.58.21:403][  0]LogDerivedDataCache: Using Local data cache path C:/Users/machi/AppData/Local/UnrealEngine/Common/DerivedDataCache: Writable
[2020.07.29-12.58.21:403][  0]LogDerivedDataCache: Shared data cache path not found in *engine.ini, will not use an Shared cache.
[2020.07.29-12.58.21:403][  0]LogDerivedDataCache: Unable to find inner node Shared for hierarchical cache Hierarchy.
[2020.07.29-12.58.21:455][  0]LogSlate: Using FreeType 2.10.0
[2020.07.29-12.58.21:456][  0]LogSlate: SlateFontServices - WITH_FREETYPE: 1, WITH_HARFBUZZ: 1
[2020.07.29-12.58.21:489][  0]LogAssetRegistry: FAssetRegistry took 0.0049 seconds to start up
[2020.07.29-12.58.21:775][  0]LogInit: Selected Device Profile: [Windows]
[2020.07.29-12.58.21:909][  0]LogMeshReduction: Using QuadricMeshReduction for automatic static mesh reduction
[2020.07.29-12.58.21:909][  0]LogMeshReduction: Using SimplygonMeshReduction for automatic skeletal mesh reduction
[2020.07.29-12.58.21:909][  0]LogMeshReduction: Using ProxyLODMeshReduction for automatic mesh merging
[2020.07.29-12.58.21:909][  0]LogMeshReduction: No distributed automatic mesh merging module available
[2020.07.29-12.58.21:909][  0]LogMeshMerging: No distributed automatic mesh merging module available
[2020.07.29-12.58.21:926][  0]LogNetVersion: ToonTanks 1.0.0, NetCL: 13144385, EngineNetVer: 14, GameNetVer: 0 (Checksum: 281104731)
[2020.07.29-12.58.22:362][  0]LogAISub: UAISubsystem::UAISubsystem AISubsystem (0000019A9C5A8480), frame # 0
[2020.07.29-12.58.22:362][  0]LogAISub: UAISubsystem::UAISubsystem AIPerceptionSystem (0000019A9C4BFB00), frame # 0
[2020.07.29-12.58.22:363][  0]LogAISub: UAISubsystem::UAISubsystem EnvQueryManager (0000019A9C529E00), frame # 0
[2020.07.29-12.58.22:436][  0]LogPackageLocalizationCache: Processed 19 localized package path(s) for 1 prioritized culture(s) in 0.067403 seconds
[2020.07.29-12.58.22:446][  0]LogUObjectArray: 15913 objects as part of root set at end of initial load.
[2020.07.29-12.58.22:446][  0]LogUObjectAllocator: 3964304 out of 0 bytes used by permanent object pool.
[2020.07.29-12.58.22:446][  0]LogUObjectArray: CloseDisregardForGC: 0/0 objects in disregard for GC pool
[2020.07.29-12.58.22:795][  0]LogTcpMessaging: Initializing TcpMessaging bridge
[2020.07.29-12.58.22:800][  0]LogUdpMessaging: Initializing bridge on interface 0.0.0.0:0 to multicast group 230.0.0.1:6666.
[2020.07.29-12.58.22:885][  0]SourceControl: Source control is disabled
[2020.07.29-12.58.22:885][  0]SourceControl: Source control is disabled
[2020.07.29-12.58.22:888][  0]SourceControl: Source control is disabled
[2020.07.29-12.58.22:892][  0]SourceControl: Source control is disabled
[2020.07.29-12.58.22:900][  0]SourceControl: Source control is disabled
[2020.07.29-12.58.23:151][  0]LogAndroidPermission: UAndroidPermissionCallbackProxy::GetInstance
[2020.07.29-12.58.23:169][  0]LogAudioCaptureCore: Display: No Audio Capture implementations found. Audio input will be silent.
[2020.07.29-12.58.23:169][  0]LogAudioCaptureCore: Display: No Audio Capture implementations found. Audio input will be silent.
[2020.07.29-12.58.23:216][  0]LogOcInput: OculusInput pre-init called
[2020.07.29-12.58.23:230][  0]LogWindows: Failed to load 'OVRPlugin.dll' (GetLastError=126)
[2020.07.29-12.58.23:230][  0]LogWindows: File 'OVRPlugin.dll' does not exist
[2020.07.29-12.58.23:297][  0]LogEngine: Initializing Engine...
[2020.07.29-12.58.23:298][  0]LogHMD: Failed to initialize OpenVR with code 110
[2020.07.29-12.58.23:299][  0]LogMagicLeap: Warning: VR disabled because ZI is not enabled.  To enable, in the editor, Edit -> Project Settings -> Plugins -> Magic Leap Plugin -> Enable Zero Iteration
[2020.07.29-12.58.23:299][  0]LogStats: UGameplayTagsManager::InitializeManager -  0.000 s
[2020.07.29-12.58.23:444][  0]LogInit: Initializing FReadOnlyCVARCache
[2020.07.29-12.58.23:455][  0]LogAIModule: Creating AISystem for world Untitled
[2020.07.29-12.58.23:455][  0]LogAISub: UAISubsystem::UAISubsystem EnvQueryManager (0000019A9F2AC800), frame # 0
[2020.07.29-12.58.23:455][  0]LogAISub: UAISubsystem::UAISubsystem AIPerceptionSystem (0000019A9F2C5580), frame # 0
[2020.07.29-12.58.23:482][  0]LogAudioMixer: Display: Audio Mixer Platform Settings:
[2020.07.29-12.58.23:482][  0]LogAudioMixer: Display: 	Sample Rate:						  48000
[2020.07.29-12.58.23:482][  0]LogAudioMixer: Display: 	Callback Buffer Frame Size Requested: 1024
[2020.07.29-12.58.23:482][  0]LogAudioMixer: Display: 	Callback Buffer Frame Size To Use:	  1024
[2020.07.29-12.58.23:482][  0]LogAudioMixer: Display: 	Number of buffers to queue:			  2
[2020.07.29-12.58.23:482][  0]LogAudioMixer: Display: 	Max Channels (voices):				  32
[2020.07.29-12.58.23:482][  0]LogAudioMixer: Display: 	Number of Async Source Workers:		  0
[2020.07.29-12.58.23:482][  0]LogAudio: Display: AudioDevice MaxSources: 32
[2020.07.29-12.58.23:482][  0]LogAudio: Display: Using built-in audio occlusion.
[2020.07.29-12.58.23:482][  0]LogAudioMixer: Display: Initializing audio mixer.
[2020.07.29-12.58.23:505][  0]LogAudioMixer: Display: 0: FrontLeft
[2020.07.29-12.58.23:505][  0]LogAudioMixer: Display: 1: FrontRight
[2020.07.29-12.58.23:587][  0]LogAudioMixer: Display: Using Audio Device Speakers/Headphones (Realtek(R) Audio)
[2020.07.29-12.58.23:590][  0]LogAudioMixer: Display: Initializing Sound Submixes...
[2020.07.29-12.58.23:592][  0]LogAudioMixer: Display: Creating Master Submix 'MasterSubmixDefault'
[2020.07.29-12.58.23:593][  0]LogAudioMixer: Display: Creating Master Submix 'MasterReverbSubmixDefault'
[2020.07.29-12.58.23:593][  0]LogAudioMixer: Display: Creating Master Submix 'MasterEQSubmixDefault'
[2020.07.29-12.58.23:594][  0]LogInit: FAudioDevice initialized.
[2020.07.29-12.58.23:595][  0]LogNetVersion: Set ProjectVersion to 1.0.0.0. Version Checksum will be recalculated on next use.
[2020.07.29-12.58.23:662][  0]LogDerivedDataCache: Saved boot cache 0.07s 77MB C:/Users/machi/AppData/Local/UnrealEngine/4.25/DerivedDataCache/Boot.ddc.
[2020.07.29-12.58.23:665][  0]LogInit: Texture streaming: Enabled
[2020.07.29-12.58.23:688][  0]LogEngineSessionManager: EngineSessionManager initialized
[2020.07.29-12.58.23:688][  0]LogEditorSessionSummary: Verbose: Initializing EditorSessionSummaryWriter for editor session tracking
[2020.07.29-12.58.23:689][  0]LogEditorSessionSummary: EditorSessionSummaryWriter initialized
[2020.07.29-12.58.23:751][  0]LogInit: Transaction tracking system initialized
[2020.07.29-12.58.23:771][  0]BlueprintLog: New page: Editor Load
[2020.07.29-12.58.23:845][  0]LocalizationService: Localization service is disabled
[2020.07.29-12.58.24:016][  0]LogCook: Display: Max memory allowance for cook 16384mb min free memory 0mb
[2020.07.29-12.58.24:016][  0]LogCook: Display: Mobile HDR setting 1
[2020.07.29-12.58.24:024][  0]LogFileCache: Scanning file cache for directory 'C:/Projects/GitHub/Unreal/ToonTank/Content/' took 0.00s
[2020.07.29-12.58.24:382][  0]SourceControl: Source control is disabled
[2020.07.29-12.58.24:382][  0]LogUnrealEdMisc: Loading editor; pre map load, took 6.520
[2020.07.29-12.58.24:382][  0]Cmd: MAP LOAD FILE="../../../../../../Projects/GitHub/Unreal/ToonTank/Content/Maps/Main.umap" TEMPLATE=0 SHOWPROGRESS=1 FEATURELEVEL=3
[2020.07.29-12.58.24:383][  0]LightingResults: New page: Lighting Build
[2020.07.29-12.58.24:383][  0]LogWorld: UWorld::CleanupWorld for Untitled, bSessionEnded=true, bCleanupResources=true
[2020.07.29-12.58.24:383][  0]LogSlate: InvalidateAllWidgets triggered.  All widgets were invalidated
[2020.07.29-12.58.24:383][  0]MapCheck: New page: Map Check
[2020.07.29-12.58.24:383][  0]LightingResults: New page: Lighting Build
[2020.07.29-12.58.24:393][  0]LogAISub: UAISubsystem::~UAISubsystem EnvQueryManager (0000019A9F2AC800), frame # 0
[2020.07.29-12.58.24:393][  0]LogAISub: UAISubsystem::~UAISubsystem AIPerceptionSystem (0000019A9F2C5580), frame # 0
[2020.07.29-12.58.24:393][  0]LogUObjectHash: Compacting FUObjectHashTables data took   0.59ms
[2020.07.29-12.58.24:561][  0]LogTexture: Display: Building textures: HQ_Lightmap0_2 (AutoDXT, 64X64)
[2020.07.29-12.58.24:561][  0]LogTexture: Display: Building textures: SkyOcclusion0_2 (AutoDXT, 64X32)
[2020.07.29-12.58.24:562][  0]LogTexture: Display: Building textures: LQ_Lightmap_0_2 (DXT1, 64X64)
[2020.07.29-12.58.24:562][  0]LogTexture: Display: Building textures: SkyOcclusion0_1 (AutoDXT, 512X256)
[2020.07.29-12.58.24:562][  0]LogTexture: Display: Building textures: ShadowMapTexture2D_1 (G8, 32X32)
[2020.07.29-12.58.24:562][  0]LogTexture: Display: Building textures: ShadowMapTexture2D_0 (G8, 512X128)
[2020.07.29-12.58.24:562][  0]LogTexture: Display: Building textures: LQ_Lightmap_0_1 (DXT1, 512X512)
[2020.07.29-12.58.24:562][  0]LogTexture: Display: Building textures: HQ_Lightmap0_1 (AutoDXT, 512X512)
[2020.07.29-12.58.24:562][  0]LogTexture: Display: Building textures: T_BasicGrid_M (BGRA8, 512X512)
[2020.07.29-12.58.24:562][  0]LogTexture: Display: Building textures: T_BasicGrid_N (BC5, 1024X1024)
[2020.07.29-12.58.24:562][  0]LogMaterial: Display: Missing cached shader map for material M_GridBase, compiling. 
[2020.07.29-12.58.24:644][  0]LogMaterial: Display: Missing cached shader map for material M_GridBase, compiling. 
[2020.07.29-12.58.24:670][  0]LogShaderCompilers: Display: Worker (1/9): shaders left to compile 47
[2020.07.29-12.58.24:670][  0]LogShaderCompilers: Display: Worker (2/9): shaders left to compile 41
[2020.07.29-12.58.24:670][  0]LogShaderCompilers: Display: Worker (3/9): shaders left to compile 35
[2020.07.29-12.58.24:670][  0]LogShaderCompilers: Display: Worker (4/9): shaders left to compile 29
[2020.07.29-12.58.24:670][  0]LogShaderCompilers: Display: Worker (5/9): shaders left to compile 23
[2020.07.29-12.58.24:670][  0]LogShaderCompilers: Display: Worker (6/9): shaders left to compile 17
[2020.07.29-12.58.24:670][  0]LogShaderCompilers: Display: Worker (7/9): shaders left to compile 11
[2020.07.29-12.58.24:670][  0]LogShaderCompilers: Display: Worker (8/9): shaders left to compile 5
[2020.07.29-12.58.24:672][  0]LogAIModule: Creating AISystem for world Main
[2020.07.29-12.58.24:672][  0]LogAISub: UAISubsystem::UAISubsystem EnvQueryManager (0000019AA88BFE00), frame # 0
[2020.07.29-12.58.24:672][  0]LogAISub: UAISubsystem::UAISubsystem AIPerceptionSystem (0000019A98DD5300), frame # 0
[2020.07.29-12.58.24:680][  0]LogEditorServer: Finished looking for orphan Actors (0.000 secs)
[2020.07.29-12.58.24:692][  0]LogUObjectHash: Compacting FUObjectHashTables data took   1.03ms
[2020.07.29-12.58.24:695][  0]Cmd: MAP CHECKDEP NOCLEARLOG
[2020.07.29-12.58.24:695][  0]MapCheck: Map check complete: 0 Error(s), 0 Warning(s), took 0,196ms to complete.
[2020.07.29-12.58.24:695][  0]LogFileHelpers: Loading map 'Main' took 0.313
[2020.07.29-12.58.24:697][  0]LogUnrealEdMisc: Total Editor Startup Time, took 6.835
[2020.07.29-12.58.24:746][  0]LogShaderCompilers: Display: Worker (9/9): shaders left to compile 47
[2020.07.29-12.58.24:906][  0]LogSlate: Updating window title bar state: overlay mode, drag disabled, window buttons hidden, title bar hidden
[2020.07.29-12.58.24:924][  0]LogSlate: Updating window title bar state: overlay mode, drag disabled, window buttons hidden, title bar hidden
[2020.07.29-12.58.24:940][  0]LogSlate: Updating window title bar state: overlay mode, drag disabled, window buttons hidden, title bar hidden
[2020.07.29-12.58.24:958][  0]LogSlate: Updating window title bar state: overlay mode, drag disabled, window buttons hidden, title bar hidden
[2020.07.29-12.58.24:980][  0]LogCollectionManager: Loaded 0 collections in 0.001986 seconds
[2020.07.29-12.58.25:028][  0]LogFileCache: Scanning file cache for directory 'C:/Projects/GitHub/Unreal/ToonTank/Saved/Collections/' took 0.00s
[2020.07.29-12.58.25:028][  0]LogFileCache: Scanning file cache for directory 'C:/Projects/GitHub/Unreal/ToonTank/Content/Developers/machi/Collections/' took 0.00s
[2020.07.29-12.58.25:028][  0]LogFileCache: Scanning file cache for directory 'C:/Projects/GitHub/Unreal/ToonTank/Content/Collections/' took 0.00s
[2020.07.29-12.58.25:028][  0]LogContentBrowser: Native class hierarchy populated in 0.0223 seconds. Added 3427 classes and 821 folders.
[2020.07.29-12.58.25:036][  0]LogContentBrowser: Native class hierarchy updated for 'WidgetCarousel' in 0.0004 seconds. Added 0 classes and 0 folders.
[2020.07.29-12.58.25:670][  0]LogContentBrowser: Native class hierarchy updated for 'AddContentDialog' in 0.0005 seconds. Added 0 classes and 0 folders.
[2020.07.29-12.58.25:677][  0]LogContentBrowser: Native class hierarchy updated for 'SceneOutliner' in 0.0015 seconds. Added 2 classes and 0 folders.
[2020.07.29-12.58.25:824][  0]LogSlate: Took 0.000300 seconds to synchronously load lazily loaded font '../../../Engine/Content/Slate/Fonts/Roboto-Regular.ttf' (155K)
[2020.07.29-12.58.25:827][  0]LogSlate: Took 0.000257 seconds to synchronously load lazily loaded font '../../../Engine/Content/Slate/Fonts/Roboto-Bold.ttf' (160K)
[2020.07.29-12.58.25:858][  0]LogSlate: Took 0.022044 seconds to synchronously load lazily loaded font '../../../Engine/Content/Editor/Slate/Fonts/FontAwesome.ttf' (139K)
[2020.07.29-12.58.26:220][  0]LogRenderer: Reallocating scene render targets to support 1616x808 Format 10 NumSamples 1 (Frame:1).
[2020.07.29-12.58.26:761][  0]LogSlate: Window 'Tutorials' being destroyed
[2020.07.29-12.58.26:793][  0]LogContentBrowser: Native class hierarchy updated for 'HierarchicalLODOutliner' in 0.0009 seconds. Added 0 classes and 0 folders.
[2020.07.29-12.58.26:793][  0]LogLoad: (Engine Initialization) Total time: 8.93 seconds
[2020.07.29-12.58.26:793][  0]LogLoad: (Engine Initialization) Total Blueprint compile time: 0.00 seconds
[2020.07.29-12.58.26:853][  0]LogContentStreaming: Texture pool size now 1000 MB
[2020.07.29-12.58.27:892][ 32]LogSlate: Took 0.009985 seconds to synchronously load lazily loaded font '../../../Engine/Content/Slate/Fonts/Roboto-Light.ttf' (167K)
[2020.07.29-12.58.29:709][ 94]LogShaderCompilers: Display: Worker (8/9): shaders left to compile 41
[2020.07.29-12.58.31:391][153]LogShaderCompilers: Display: Worker (3/9): shaders left to compile 35
[2020.07.29-12.58.31:521][157]LogShaderCompilers: Display: Worker (4/9): shaders left to compile 30
[2020.07.29-12.58.31:581][160]LogShaderCompilers: Display: Worker (1/9): shaders left to compile 26
[2020.07.29-12.58.32:629][201]LogShaderCompilers: Display: Worker (2/9): shaders left to compile 22
[2020.07.29-12.58.34:068][266]LogShaderCompilers: Display: Worker (7/9): shaders left to compile 19
[2020.07.29-12.58.34:532][282]LogShaderCompilers: Display: Worker (4/9): shaders left to compile 16
[2020.07.29-12.58.34:852][293]LogShaderCompilers: Display: Worker (5/9): shaders left to compile 13
[2020.07.29-12.58.36:200][335]LogShaderCompilers: Display: Worker (6/9): shaders left to compile 11
[2020.07.29-12.58.36:587][347]LogShaderCompilers: Display: Worker (1/9): shaders left to compile 9
[2020.07.29-12.58.36:876][358]LogShaderCompilers: Display: Worker (3/9): shaders left to compile 7
[2020.07.29-12.58.37:401][376]LogShaderCompilers: Display: Worker (8/9): shaders left to compile 6
[2020.07.29-12.58.38:039][399]LogShaderCompilers: Display: Worker (3/9): shaders left to compile 5
[2020.07.29-12.58.38:589][417]LogShaderCompilers: Display: Worker (3/9): shaders left to compile 4
[2020.07.29-12.58.38:859][425]LogShaderCompilers: Display: Worker (2/9): shaders left to compile 3
[2020.07.29-12.58.39:655][449]LogShaderCompilers: Display: Worker (5/9): shaders left to compile 2
[2020.07.29-12.58.40:362][467]LogShaderCompilers: Display: Worker (7/9): shaders left to compile 1
[2020.07.29-12.58.45:841][758]LogAssetRegistry: Asset discovery search completed in 24.3552 seconds
[2020.07.29-12.58.45:845][758]LogCollectionManager: Fixed up redirectors for 0 collections in 0.000004 seconds (updated 0 objects)
[2020.07.29-13.00.36:978][457]LogMaterial: Display: Missing cached shader map for material M_ParticleBase, compiling. 
[2020.07.29-13.00.36:991][457]LogStaticMesh: Building static mesh SM_Sphere...
[2020.07.29-13.00.37:016][457]LogShaderCompilers: Display: Worker (1/9): shaders left to compile 27
[2020.07.29-13.00.37:016][457]LogShaderCompilers: Display: Worker (2/9): shaders left to compile 23
[2020.07.29-13.00.37:016][457]LogShaderCompilers: Display: Worker (3/9): shaders left to compile 19
[2020.07.29-13.00.37:016][457]LogShaderCompilers: Display: Worker (4/9): shaders left to compile 15
[2020.07.29-13.00.37:016][457]LogShaderCompilers: Display: Worker (5/9): shaders left to compile 11
[2020.07.29-13.00.37:016][457]LogShaderCompilers: Display: Worker (6/9): shaders left to compile 7
[2020.07.29-13.00.37:016][457]LogShaderCompilers: Display: Worker (7/9): shaders left to compile 3
[2020.07.29-13.00.37:033][457]LogStaticMesh: Built static mesh [0.04s] /Game/Assets/Meshes/SM_Sphere.SM_Sphere
[2020.07.29-13.00.37:066][457]LogAssetEditorSubsystem: Opening Asset editor for ParticleSystem /Game/Assets/Effects/P_DeathEffect.P_DeathEffect
[2020.07.29-13.00.37:086][457]LogContentBrowser: Native class hierarchy updated for 'Cascade' in 0.0004 seconds. Added 2 classes and 2 folders.
[2020.07.29-13.00.37:338][457]LogAssetEditorSubsystem: Opening Asset editor for ParticleSystem /Game/Assets/Effects/P_HitEffect.P_HitEffect
[2020.07.29-13.00.55:346][383]LogSlate: Window 'P_HitEffect' being destroyed
[2020.07.29-13.00.55:360][383]LogSlate: Window 'P_HitEffect' being destroyed
[2020.07.29-13.00.55:361][383]LogCascade: Quitting Cascade. FXSystem=0x0000019AB98B3A60
[2020.07.29-13.00.55:402][383]LogWorld: UWorld::CleanupWorld for World_0, bSessionEnded=true, bCleanupResources=true
[2020.07.29-13.00.55:402][383]LogSlate: InvalidateAllWidgets triggered.  All widgets were invalidated
[2020.07.29-13.00.55:429][383]LogCascade: Quitting Cascade. FXSystem=0x0000019ADA091EA0
[2020.07.29-13.00.55:444][383]LogActorComponent: UnregisterComponent: (/Engine/Transient.FloorComponent) Not registered. Aborting.
[2020.07.29-13.00.55:444][383]LogWorld: UWorld::CleanupWorld for World_1, bSessionEnded=true, bCleanupResources=true
[2020.07.29-13.00.55:444][383]LogSlate: InvalidateAllWidgets triggered.  All widgets were invalidated
[2020.07.29-13.01.09:144][198]LogEditorViewport: Clicking on Actor (LMB): StaticMeshActor (Floor)
[2020.07.29-13.01.27:310][259]LogAudioDerivedData: Display: Building compressed audio format OGG hash OGG10000-1-1-1-1-1 wave Explode_Audio...
[2020.07.29-13.01.27:311][259]LogAudioDerivedData: Display: Compression Quality for SoundWave /Game/Assets/Audio/Explode_Audio.Explode_Audio will be modified from 40 to 40.
[2020.07.29-13.01.27:336][259]LogAudioDerivedData: Display: Updated SoundWave->RawPCMDataSize from 0 to 77328 while cooking SoundWave /Game/Assets/Audio/Explode_Audio.Explode_Audio.
[2020.07.29-13.01.29:312][371]LogAudioDerivedData: Display: Building compressed audio format OGG hash OGG10000-1-1-1-1-1 wave Thud_Audio...
[2020.07.29-13.01.29:312][371]LogAudioDerivedData: Display: Compression Quality for SoundWave /Game/Assets/Audio/Thud_Audio.Thud_Audio will be modified from 40 to 40.
[2020.07.29-13.01.29:334][371]LogAudioDerivedData: Display: Updated SoundWave->RawPCMDataSize from 0 to 78372 while cooking SoundWave /Game/Assets/Audio/Thud_Audio.Thud_Audio.
[2020.07.29-13.01.54:338][859]LogMaterial: Display: Missing cached shader map for material Material_0, compiling. 
[2020.07.29-13.01.54:353][860]LogShaderCompilers: Display: Worker (1/9): shaders left to compile 4
[2020.07.29-13.01.54:353][860]LogShaderCompilers: Display: Worker (2/9): shaders left to compile 3
[2020.07.29-13.01.54:353][860]LogShaderCompilers: Display: Worker (3/9): shaders left to compile 2
[2020.07.29-13.01.54:353][860]LogShaderCompilers: Display: Worker (4/9): shaders left to compile 1
[2020.07.29-13.01.54:355][860]LogMaterial: Display: Missing cached shader map for material Material_1, compiling. 
[2020.07.29-13.01.54:405][863]LogShaderCompilers: Display: Worker (5/9): shaders left to compile 4
[2020.07.29-13.01.54:405][863]LogShaderCompilers: Display: Worker (6/9): shaders left to compile 3
[2020.07.29-13.01.54:405][863]LogShaderCompilers: Display: Worker (7/9): shaders left to compile 2
[2020.07.29-13.01.54:405][863]LogShaderCompilers: Display: Worker (8/9): shaders left to compile 1
[2020.07.29-13.01.55:753][924]LogMaterial: Display: Missing cached shader map for material Material_2, compiling. 
[2020.07.29-13.01.55:761][924]LogMaterial: Display: Missing cached shader map for material Material_3, compiling. 
[2020.07.29-13.01.55:764][924]LogShaderCompilers: Display: Worker (1/9): shaders left to compile 4
[2020.07.29-13.01.55:764][924]LogShaderCompilers: Display: Worker (2/9): shaders left to compile 3
[2020.07.29-13.01.55:764][924]LogShaderCompilers: Display: Worker (3/9): shaders left to compile 2
[2020.07.29-13.01.55:764][924]LogShaderCompilers: Display: Worker (4/9): shaders left to compile 1
[2020.07.29-13.01.55:818][928]LogShaderCompilers: Display: Worker (5/9): shaders left to compile 4
[2020.07.29-13.01.55:818][928]LogShaderCompilers: Display: Worker (6/9): shaders left to compile 3
[2020.07.29-13.01.55:818][928]LogShaderCompilers: Display: Worker (7/9): shaders left to compile 2
[2020.07.29-13.01.55:818][928]LogShaderCompilers: Display: Worker (8/9): shaders left to compile 1
[2020.07.29-13.01.57:691][ 23]LogMaterial: Display: Missing cached shader map for material Material_4, compiling. 
[2020.07.29-13.01.57:703][ 24]LogShaderCompilers: Display: Worker (1/9): shaders left to compile 4
[2020.07.29-13.01.57:703][ 24]LogShaderCompilers: Display: Worker (2/9): shaders left to compile 3
[2020.07.29-13.01.57:703][ 24]LogShaderCompilers: Display: Worker (3/9): shaders left to compile 2
[2020.07.29-13.01.57:703][ 24]LogShaderCompilers: Display: Worker (4/9): shaders left to compile 1
[2020.07.29-13.01.57:705][ 24]LogMaterial: Display: Missing cached shader map for material Material_5, compiling. 
[2020.07.29-13.01.57:739][ 26]LogShaderCompilers: Display: Worker (5/9): shaders left to compile 4
[2020.07.29-13.01.57:739][ 26]LogShaderCompilers: Display: Worker (6/9): shaders left to compile 3
[2020.07.29-13.01.57:739][ 26]LogShaderCompilers: Display: Worker (7/9): shaders left to compile 2
[2020.07.29-13.01.57:739][ 26]LogShaderCompilers: Display: Worker (8/9): shaders left to compile 1
[2020.07.29-13.02.42:345][250]LogSlate: Took 0.008020 seconds to synchronously load lazily loaded font '../../../Engine/Content/Slate/Fonts/Roboto-Italic.ttf' (157K)
[2020.07.29-13.05.16:391][888]LogSlate: WidgetSwitcher ('None') active index changed to -1
[2020.07.29-13.05.16:392][888]LogSlate: WidgetSwitcher ('None') active index changed to 0
[2020.07.29-13.05.16:459][888]LogSlate: Took 0.000150 seconds to synchronously load lazily loaded font '../../../Engine/Content/Slate/Fonts/Roboto-BoldCondensed.ttf' (158K)
[2020.07.29-13.05.46:910][440]LogSlate: Window 'Add C++ Class' being destroyed
[2020.07.29-13.06.04:348][531]LogSlate: WidgetSwitcher ('None') active index changed to -1
[2020.07.29-13.06.04:348][531]LogSlate: WidgetSwitcher ('None') active index changed to 0
[2020.07.29-13.08.19:261][421]LogSlate: WidgetSwitcher ('None') active index changed to 1
[2020.07.29-13.09.27:641][415]Running C:/Program Files/Epic Games/UE_4.25/Engine/Binaries/DotNET/UnrealBuildTool.exe  -projectfiles -project="C:/Projects/GitHub/Unreal/ToonTank/ToonTanks.uproject" -game -rocket -progress
[2020.07.29-13.09.27:945][415]Discovering modules, targets and source code for project...
[2020.07.29-13.09.29:359][415]Binding IntelliSense data...
[2020.07.29-13.09.32:298][415]Binding IntelliSense data... 100%
[2020.07.29-13.09.32:299][415]Writing project files...
[2020.07.29-13.09.35:937][415]Writing project files... 100%
[2020.07.29-13.09.36:139][415]LogHotReload: Recompiling module ToonTanks...
[2020.07.29-13.09.36:143][415]LogVSAccessor: Warning: Couldn't access Visual Studio
[2020.07.29-13.09.36:155][415]Candidate modules for hot reload:
[2020.07.29-13.09.36:155][415]  ToonTanks
[2020.07.29-13.09.36:155][415]Launching UnrealBuildTool... [C:/Program Files/Epic Games/UE_4.25/Engine/Binaries/DotNET/UnrealBuildTool.exe  -ModuleWithSuffix=ToonTanks,9446 ToonTanksEditor Win64 Development -Project="C:/Projects/GitHub/Unreal/ToonTank/ToonTanks.uproject" "C:/Projects/GitHub/Unreal/ToonTank/ToonTanks.uproject"  -IgnoreJunk]
[2020.07.29-13.10.14:000][415]Using 'git status' to determine working set for adaptive non-unity build (C:\Projects\GitHub\Unreal).
Creating makefile for ToonTanksEditor (no existing makefile)
Parsing headers for ToonTanksEditor
  Running UnrealHeaderTool "C:\Projects\GitHub\Unreal\ToonTank\ToonTanks.uproject" "C:\Projects\GitHub\Unreal\ToonTank\Intermediate\Build\Win64\ToonTanksEditor\Development\ToonTanksEditor.uhtmanifest" -LogCmds="loginit warning, logexit warning, logdatabase error" -Unattended -WarningsAsErrors -abslog="C:\Users\machi\AppData\Local\UnrealBuildTool\Log_UHT.txt" -installed
Reflection code generated for ToonTanksEditor in 5,1178114 seconds
Building ToonTanksEditor...
Using Visual Studio 2019 14.26.28806 toolchain (C:\Program Files (x86)\Microsoft Visual Studio\2019\Professional\VC\Tools\MSVC\14.26.28801) and Windows 10.0.18362.0 SDK (C:\Program Files (x86)\Windows Kits\10).
Building 9 actions with 12 processes...
  [1/9] Default.rc2
  [2/9] SharedPCH.Engine.ShadowErrors.cpp
  [3/9] ToonTanks.cpp
  [4/9] PawnBase.cpp
  [5/9] ToonTanks.init.gen.cpp
  [6/9] PawnBase.gen.cpp
  [7/9] UE4Editor-ToonTanks-9446.lib
     Creating library C:\Projects\GitHub\Unreal\ToonTank\Intermediate\Build\Win64\UE4Editor\Development\ToonTanks\UE4Editor-ToonTanks-9446.lib and object C:\Projects\GitHub\Unreal\ToonTank\Intermediate\Build\Win64\UE4Editor\Development\ToonTanks\UE4Editor-ToonTanks-9446.exp
  [8/9] UE4Editor-ToonTanks-9446.dll
     Creating library C:\Projects\GitHub\Unreal\ToonTank\Intermediate\Build\Win64\UE4Editor\Development\ToonTanks\UE4Editor-ToonTanks-9446.suppressed.lib and object C:\Projects\GitHub\Unreal\ToonTank\Intermediate\Build\Win64\UE4Editor\Development\ToonTanks\UE4Editor-ToonTanks-9446.suppressed.exp
  [9/9] ToonTanksEditor.target
Total time in Parallel executor: 23,18 seconds
Total execution time: 37,75 seconds

[2020.07.29-13.10.14:001][415]CompilerResultsLog: New page: Compilation - 29 juli 2020 17:10:14
[2020.07.29-13.10.14:001][415]CompilerResultsLog: Using 'git status' to determine working set for adaptive non-unity build (C:\Projects\GitHub\Unreal).
[2020.07.29-13.10.14:001][415]CompilerResultsLog: Creating makefile for ToonTanksEditor (no existing makefile)
[2020.07.29-13.10.14:001][415]CompilerResultsLog: Parsing headers for ToonTanksEditor
[2020.07.29-13.10.14:001][415]CompilerResultsLog:   Running UnrealHeaderTool "C:\Projects\GitHub\Unreal\ToonTank\ToonTanks.uproject" "C:\Projects\GitHub\Unreal\ToonTank\Intermediate\Build\Win64\ToonTanksEditor\Development\ToonTanksEditor.uhtmanifest" -LogCmds="loginit warning, logexit warning, logdatabase error" -Unattended -WarningsAsErrors -abslog="C:\Users\machi\AppData\Local\UnrealBuildTool\Log_UHT.txt" -installed
[2020.07.29-13.10.14:001][415]CompilerResultsLog: Reflection code generated for ToonTanksEditor in 5,1178114 seconds
[2020.07.29-13.10.14:001][415]CompilerResultsLog: Building ToonTanksEditor...
[2020.07.29-13.10.14:001][415]CompilerResultsLog: Using Visual Studio 2019 14.26.28806 toolchain (C:\Program Files (x86)\Microsoft Visual Studio\2019\Professional\VC\Tools\MSVC\14.26.28801) and Windows 10.0.18362.0 SDK (C:\Program Files (x86)\Windows Kits\10).
[2020.07.29-13.10.14:001][415]CompilerResultsLog: Building 9 actions with 12 processes...
[2020.07.29-13.10.14:001][415]CompilerResultsLog:   [1/9] Default.rc2
[2020.07.29-13.10.14:001][415]CompilerResultsLog:   [2/9] SharedPCH.Engine.ShadowErrors.cpp
[2020.07.29-13.10.14:001][415]CompilerResultsLog:   [3/9] ToonTanks.cpp
[2020.07.29-13.10.14:001][415]CompilerResultsLog:   [4/9] PawnBase.cpp
[2020.07.29-13.10.14:001][415]CompilerResultsLog:   [5/9] ToonTanks.init.gen.cpp
[2020.07.29-13.10.14:001][415]CompilerResultsLog:   [6/9] PawnBase.gen.cpp
[2020.07.29-13.10.14:001][415]CompilerResultsLog:   [7/9] UE4Editor-ToonTanks-9446.lib
[2020.07.29-13.10.14:001][415]CompilerResultsLog:      Creating library C:\Projects\GitHub\Unreal\ToonTank\Intermediate\Build\Win64\UE4Editor\Development\ToonTanks\UE4Editor-ToonTanks-9446.lib and object C:\Projects\GitHub\Unreal\ToonTank\Intermediate\Build\Win64\UE4Editor\Development\ToonTanks\UE4Editor-ToonTanks-9446.exp
[2020.07.29-13.10.14:001][415]CompilerResultsLog:   [8/9] UE4Editor-ToonTanks-9446.dll
[2020.07.29-13.10.14:001][415]CompilerResultsLog:      Creating library C:\Projects\GitHub\Unreal\ToonTank\Intermediate\Build\Win64\UE4Editor\Development\ToonTanks\UE4Editor-ToonTanks-9446.suppressed.lib and object C:\Projects\GitHub\Unreal\ToonTank\Intermediate\Build\Win64\UE4Editor\Development\ToonTanks\UE4Editor-ToonTanks-9446.suppressed.exp
[2020.07.29-13.10.14:001][415]CompilerResultsLog:   [9/9] ToonTanksEditor.target
[2020.07.29-13.10.14:001][415]CompilerResultsLog: Total time in Parallel executor: 23,18 seconds
[2020.07.29-13.10.14:001][415]CompilerResultsLog: Total execution time: 37,75 seconds
[2020.07.29-13.10.14:001][415]LogMainFrame: MainFrame: Module compiling took 37.858 seconds
[2020.07.29-13.10.14:001][415]Reloading module ToonTanks after successful compile.
[2020.07.29-13.10.14:032][415]LogClass: Could not find existing package /Script/ToonTanks for HotReload of class PawnBase, assuming a new package.
[2020.07.29-13.10.14:034][415]LogContentBrowser: Native class hierarchy updated for 'ToonTanks' in 0.0006 seconds. Added 1 classes and 3 folders.
[2020.07.29-13.10.14:048][415]LogUObjectHash: Compacting FUObjectHashTables data took   0.73ms
[2020.07.29-13.10.14:062][415]LogContentBrowser: Native class hierarchy populated in 0.0081 seconds. Added 3430 classes and 826 folders.
[2020.07.29-13.10.14:199][415]LogSlate: Window 'Add C++ Class' being destroyed
[2020.07.29-13.10.43:079][445]LogEditorViewport: Clicking on Actor (LMB): StaticMeshActor (Floor)
[2020.07.29-13.10.45:282][612]LogEditorViewport: Clicking on Actor (LMB): StaticMeshActor (Floor)
[2020.07.29-13.10.59:131][458]LogEditorViewport: Clicking on Actor (LMB): StaticMeshActor (Floor)
[2020.07.29-13.11.00:825][558]LogEditorViewport: Clicking on Actor (LMB): StaticMeshActor (Floor)
[2020.07.29-13.11.01:797][614]LogEditorViewport: Clicking on Actor (LMB): StaticMeshActor (Cube6)
[2020.07.29-13.11.04:665][778]LogEditorViewport: Clicking on Actor (LMB): StaticMeshActor (Cube)
[2020.07.29-13.11.11:017][153]LogEditorViewport: Clicking on Actor (LMB): StaticMeshActor (Cube6)
[2020.07.29-13.51.48:855][105]LogSlate: Window 'Tutorials' being destroyed
[2020.07.29-13.51.58:241][657]LogTemp: Repeating last play command: Selected Viewport
[2020.07.29-13.51.58:264][657]LogPlayLevel: PlayLevel: No blueprints needed recompiling
[2020.07.29-13.51.58:265][657]PIE: New page: PIE session: Main (29 juli 2020 17:51:58)
[2020.07.29-13.51.58:273][657]LogOnline: OSS: Creating online subsystem instance for: NULL
[2020.07.29-13.51.58:276][657]LogOnline: OSS: TryLoadSubsystemAndSetDefault: Loaded subsystem for module [NULL]
[2020.07.29-13.51.58:277][657]LogPlayLevel: Creating play world package: /Game/Maps/UEDPIE_0_Main
[2020.07.29-13.51.58:293][657]LogPlayLevel: PIE: StaticDuplicateObject took: (0.015099s)
[2020.07.29-13.51.58:295][657]LogAIModule: Creating AISystem for world Main
[2020.07.29-13.51.58:296][657]LogAISub: UAISubsystem::UAISubsystem EnvQueryManager (0000019AB904FC00), frame # 26657
[2020.07.29-13.51.58:296][657]LogAISub: UAISubsystem::UAISubsystem AIPerceptionSystem (0000019ACED36FC0), frame # 26657
[2020.07.29-13.51.58:297][657]LogPlayLevel: PIE: World Init took: (0.004108s)
[2020.07.29-13.51.58:297][657]LogPlayLevel: PIE: Created PIE world by copying editor world from /Game/Maps/Main.Main to /Game/Maps/UEDPIE_0_Main.Main (0.019741s)
[2020.07.29-13.51.58:315][657]LogUObjectHash: Compacting FUObjectHashTables data took   3.16ms
[2020.07.29-13.51.58:331][657]LogAudioMixer: Display: Audio Mixer Platform Settings:
[2020.07.29-13.51.58:331][657]LogAudioMixer: Display: 	Sample Rate:						  48000
[2020.07.29-13.51.58:331][657]LogAudioMixer: Display: 	Callback Buffer Frame Size Requested: 1024
[2020.07.29-13.51.58:331][657]LogAudioMixer: Display: 	Callback Buffer Frame Size To Use:	  1024
[2020.07.29-13.51.58:331][657]LogAudioMixer: Display: 	Number of buffers to queue:			  2
[2020.07.29-13.51.58:331][657]LogAudioMixer: Display: 	Max Channels (voices):				  32
[2020.07.29-13.51.58:331][657]LogAudioMixer: Display: 	Number of Async Source Workers:		  0
[2020.07.29-13.51.58:331][657]LogAudio: Display: AudioDevice MaxSources: 32
[2020.07.29-13.51.58:332][657]LogAudio: Display: Using built-in audio occlusion.
[2020.07.29-13.51.58:332][657]LogAudioMixer: Display: Initializing audio mixer.
[2020.07.29-13.51.58:335][657]LogAudioMixer: Display: 0: FrontLeft
[2020.07.29-13.51.58:335][657]LogAudioMixer: Display: 1: FrontRight
[2020.07.29-13.51.58:389][657]LogAudioMixer: Display: Using Audio Device Speakers/Headphones (Realtek(R) Audio)
[2020.07.29-13.51.58:394][657]LogAudioMixer: Display: Initializing Sound Submixes...
[2020.07.29-13.51.58:394][657]LogAudioMixer: Display: Creating Master Submix 'MasterSubmixDefault'
[2020.07.29-13.51.58:394][657]LogAudioMixer: Display: Creating Master Submix 'MasterReverbSubmixDefault'
[2020.07.29-13.51.58:400][657]LogAudioMixer: Display: Creating Master Submix 'MasterEQSubmixDefault'
[2020.07.29-13.51.58:404][657]LogInit: FAudioDevice initialized.
[2020.07.29-13.51.58:422][657]LogLoad: Game class is 'GameModeBase'
[2020.07.29-13.51.58:425][657]LogWorld: Bringing World /Game/Maps/UEDPIE_0_Main.Main up for play (max tick rate 60) at 2020.07.29-15.51.58
[2020.07.29-13.51.58:427][657]LogWorld: Bringing up level for play took: 0.002625
[2020.07.29-13.51.58:428][657]LogOnline: OSS: Creating online subsystem instance for: :Context_6
[2020.07.29-13.51.58:444][657]LogContentBrowser: Native class hierarchy updated for 'MovieSceneCapture' in 0.0013 seconds. Added 20 classes and 0 folders.
[2020.07.29-13.51.58:451][657]PIE: Server logged in
[2020.07.29-13.51.58:454][657]PIE: Play in editor total start time 0,2 seconds.
[2020.07.29-13.52.05:659][ 84]LogSlate: Updating window title bar state: overlay mode, drag disabled, window buttons hidden, title bar hidden
[2020.07.29-13.52.05:659][ 84]LogWorld: BeginTearingDown for /Game/Maps/UEDPIE_0_Main
[2020.07.29-13.52.05:660][ 84]LogWorld: UWorld::CleanupWorld for Main, bSessionEnded=true, bCleanupResources=true
[2020.07.29-13.52.05:660][ 84]LogSlate: InvalidateAllWidgets triggered.  All widgets were invalidated
[2020.07.29-13.52.05:671][ 84]LogPlayLevel: Display: Shutting down PIE online subsystems
[2020.07.29-13.52.05:672][ 84]LogSlate: InvalidateAllWidgets triggered.  All widgets were invalidated
[2020.07.29-13.52.05:702][ 84]LogSlate: Updating window title bar state: overlay mode, drag disabled, window buttons hidden, title bar hidden
[2020.07.29-13.52.05:705][ 84]LogAISub: UAISubsystem::~UAISubsystem EnvQueryManager (0000019AB904FC00), frame # 27084
[2020.07.29-13.52.05:705][ 84]LogAISub: UAISubsystem::~UAISubsystem AIPerceptionSystem (0000019ACED36FC0), frame # 27084
[2020.07.29-13.52.05:706][ 84]LogUObjectHash: Compacting FUObjectHashTables data took   0.63ms
[2020.07.29-13.52.05:737][ 85]LogPlayLevel: Display: Destroying online subsystem :Context_6
